{"C:\\Users\\Gisele Iradu\\Desktop\\sendIT\\src\\app.js":{"path":"C:\\Users\\Gisele Iradu\\Desktop\\sendIT\\src\\app.js","statementMap":{"0":{"start":{"line":3,"column":0},"end":{"line":5,"column":3}},"1":{"start":{"line":7,"column":18},"end":{"line":7,"column":40}},"2":{"start":{"line":9,"column":19},"end":{"line":9,"column":54}},"3":{"start":{"line":11,"column":15},"end":{"line":11,"column":33}},"4":{"start":{"line":13,"column":16},"end":{"line":13,"column":48}},"5":{"start":{"line":15,"column":18},"end":{"line":15,"column":40}},"6":{"start":{"line":17,"column":19},"end":{"line":17,"column":54}},"7":{"start":{"line":19,"column":14},"end":{"line":19,"column":31}},"8":{"start":{"line":21,"column":15},"end":{"line":21,"column":46}},"9":{"start":{"line":23,"column":15},"end":{"line":23,"column":42}},"10":{"start":{"line":25,"column":16},"end":{"line":25,"column":48}},"11":{"start":{"line":27,"column":13},"end":{"line":27,"column":38}},"12":{"start":{"line":29,"column":14},"end":{"line":29,"column":44}},"13":{"start":{"line":31,"column":39},"end":{"line":31,"column":93}},"14":{"start":{"line":33,"column":10},"end":{"line":33,"column":34}},"15":{"start":{"line":35,"column":0},"end":{"line":35,"column":38}},"16":{"start":{"line":36,"column":0},"end":{"line":36,"column":37}},"17":{"start":{"line":37,"column":0},"end":{"line":37,"column":62}},"18":{"start":{"line":39,"column":0},"end":{"line":39,"column":46}},"19":{"start":{"line":40,"column":0},"end":{"line":40,"column":42}},"20":{"start":{"line":41,"column":0},"end":{"line":43,"column":3}},"21":{"start":{"line":42,"column":4},"end":{"line":42,"column":41}},"22":{"start":{"line":45,"column":0},"end":{"line":52,"column":3}},"23":{"start":{"line":46,"column":4},"end":{"line":46,"column":34}},"24":{"start":{"line":47,"column":4},"end":{"line":50,"column":7}},"25":{"start":{"line":51,"column":4},"end":{"line":51,"column":11}},"26":{"start":{"line":54,"column":0},"end":{"line":54,"column":22}}},"fnMap":{"0":{"name":"_interopRequireDefault","decl":{"start":{"line":31,"column":9},"end":{"line":31,"column":31}},"loc":{"start":{"line":31,"column":37},"end":{"line":31,"column":95}},"line":31},"1":{"name":"(anonymous_1)","decl":{"start":{"line":41,"column":8},"end":{"line":41,"column":9}},"loc":{"start":{"line":41,"column":34},"end":{"line":43,"column":1}},"line":41},"2":{"name":"(anonymous_2)","decl":{"start":{"line":45,"column":8},"end":{"line":45,"column":9}},"loc":{"start":{"line":45,"column":39},"end":{"line":52,"column":1}},"line":45}},"branchMap":{"0":{"loc":{"start":{"line":31,"column":46},"end":{"line":31,"column":92}},"type":"cond-expr","locations":[{"start":{"line":31,"column":70},"end":{"line":31,"column":73}},{"start":{"line":31,"column":76},"end":{"line":31,"column":92}}],"line":31},"1":{"loc":{"start":{"line":31,"column":46},"end":{"line":31,"column":67}},"type":"binary-expr","locations":[{"start":{"line":31,"column":46},"end":{"line":31,"column":49}},{"start":{"line":31,"column":53},"end":{"line":31,"column":67}}],"line":31},"2":{"loc":{"start":{"line":46,"column":15},"end":{"line":46,"column":32}},"type":"binary-expr","locations":[{"start":{"line":46,"column":15},"end":{"line":46,"column":25}},{"start":{"line":46,"column":29},"end":{"line":46,"column":32}}],"line":46}},"s":{"0":1,"1":1,"2":1,"3":1,"4":1,"5":1,"6":1,"7":1,"8":1,"9":1,"10":1,"11":1,"12":1,"13":6,"14":1,"15":1,"16":1,"17":1,"18":1,"19":1,"20":1,"21":0,"22":1,"23":0,"24":0,"25":0,"26":1},"f":{"0":6,"1":0,"2":0},"b":{"0":[2,4],"1":[6,6],"2":[0,0]},"_coverageSchema":"43e27e138ebf9cfc5966b082cf9a028302ed4184","hash":"55c106e5134d09c9f434e5af746dca26d8dc711c","contentHash":"9c9d28de07c2153cdf6abfdd7fd7eebe"},"C:\\Users\\Gisele Iradu\\Desktop\\sendIT\\src\\routes\\parcels.js":{"path":"C:\\Users\\Gisele Iradu\\Desktop\\sendIT\\src\\routes\\parcels.js","statementMap":{"0":{"start":{"line":3,"column":0},"end":{"line":5,"column":3}},"1":{"start":{"line":7,"column":15},"end":{"line":7,"column":33}},"2":{"start":{"line":9,"column":16},"end":{"line":9,"column":48}},"3":{"start":{"line":11,"column":11},"end":{"line":11,"column":25}},"4":{"start":{"line":13,"column":12},"end":{"line":13,"column":40}},"5":{"start":{"line":15,"column":14},"end":{"line":15,"column":41}},"6":{"start":{"line":17,"column":15},"end":{"line":17,"column":46}},"7":{"start":{"line":19,"column":39},"end":{"line":19,"column":93}},"8":{"start":{"line":21,"column":13},"end":{"line":21,"column":39}},"9":{"start":{"line":23,"column":0},"end":{"line":27,"column":3}},"10":{"start":{"line":24,"column":2},"end":{"line":26,"column":5}},"11":{"start":{"line":29,"column":0},"end":{"line":43,"column":3}},"12":{"start":{"line":30,"column":11},"end":{"line":30,"column":32}},"13":{"start":{"line":31,"column":15},"end":{"line":31,"column":17}},"14":{"start":{"line":33,"column":2},"end":{"line":37,"column":5}},"15":{"start":{"line":34,"column":4},"end":{"line":36,"column":5}},"16":{"start":{"line":35,"column":6},"end":{"line":35,"column":25}},"17":{"start":{"line":39,"column":2},"end":{"line":41,"column":5}},"18":{"start":{"line":42,"column":2},"end":{"line":42,"column":22}},"19":{"start":{"line":45,"column":0},"end":{"line":59,"column":3}},"20":{"start":{"line":46,"column":11},"end":{"line":46,"column":38}},"21":{"start":{"line":47,"column":15},"end":{"line":47,"column":17}},"22":{"start":{"line":48,"column":2},"end":{"line":53,"column":5}},"23":{"start":{"line":49,"column":4},"end":{"line":52,"column":5}},"24":{"start":{"line":50,"column":6},"end":{"line":50,"column":25}},"25":{"start":{"line":51,"column":6},"end":{"line":51,"column":36}},"26":{"start":{"line":55,"column":2},"end":{"line":57,"column":5}},"27":{"start":{"line":58,"column":2},"end":{"line":58,"column":22}},"28":{"start":{"line":62,"column":15},"end":{"line":70,"column":3}},"29":{"start":{"line":71,"column":2},"end":{"line":71,"column":47}},"30":{"start":{"line":74,"column":0},"end":{"line":96,"column":3}},"31":{"start":{"line":77,"column":23},"end":{"line":77,"column":46}},"32":{"start":{"line":78,"column":12},"end":{"line":78,"column":30}},"33":{"start":{"line":80,"column":2},"end":{"line":95,"column":3}},"34":{"start":{"line":81,"column":4},"end":{"line":81,"column":49}},"35":{"start":{"line":82,"column":4},"end":{"line":82,"column":11}},"36":{"start":{"line":84,"column":16},"end":{"line":92,"column":5}},"37":{"start":{"line":93,"column":4},"end":{"line":93,"column":33}},"38":{"start":{"line":94,"column":4},"end":{"line":94,"column":32}},"39":{"start":{"line":98,"column":0},"end":{"line":98,"column":25}}},"fnMap":{"0":{"name":"_interopRequireDefault","decl":{"start":{"line":19,"column":9},"end":{"line":19,"column":31}},"loc":{"start":{"line":19,"column":37},"end":{"line":19,"column":95}},"line":19},"1":{"name":"(anonymous_1)","decl":{"start":{"line":23,"column":16},"end":{"line":23,"column":17}},"loc":{"start":{"line":23,"column":36},"end":{"line":27,"column":1}},"line":23},"2":{"name":"(anonymous_2)","decl":{"start":{"line":29,"column":19},"end":{"line":29,"column":20}},"loc":{"start":{"line":29,"column":39},"end":{"line":43,"column":1}},"line":29},"3":{"name":"(anonymous_3)","decl":{"start":{"line":33,"column":27},"end":{"line":33,"column":28}},"loc":{"start":{"line":33,"column":44},"end":{"line":37,"column":3}},"line":33},"4":{"name":"(anonymous_4)","decl":{"start":{"line":45,"column":26},"end":{"line":45,"column":27}},"loc":{"start":{"line":45,"column":46},"end":{"line":59,"column":1}},"line":45},"5":{"name":"(anonymous_5)","decl":{"start":{"line":48,"column":27},"end":{"line":48,"column":28}},"loc":{"start":{"line":48,"column":44},"end":{"line":53,"column":3}},"line":48},"6":{"name":"validateOrder","decl":{"start":{"line":61,"column":9},"end":{"line":61,"column":22}},"loc":{"start":{"line":61,"column":30},"end":{"line":72,"column":1}},"line":61},"7":{"name":"(anonymous_7)","decl":{"start":{"line":74,"column":17},"end":{"line":74,"column":18}},"loc":{"start":{"line":74,"column":37},"end":{"line":96,"column":1}},"line":74}},"branchMap":{"0":{"loc":{"start":{"line":19,"column":46},"end":{"line":19,"column":92}},"type":"cond-expr","locations":[{"start":{"line":19,"column":70},"end":{"line":19,"column":73}},{"start":{"line":19,"column":76},"end":{"line":19,"column":92}}],"line":19},"1":{"loc":{"start":{"line":19,"column":46},"end":{"line":19,"column":67}},"type":"binary-expr","locations":[{"start":{"line":19,"column":46},"end":{"line":19,"column":49}},{"start":{"line":19,"column":53},"end":{"line":19,"column":67}}],"line":19},"2":{"loc":{"start":{"line":34,"column":4},"end":{"line":36,"column":5}},"type":"if","locations":[{"start":{"line":34,"column":4},"end":{"line":36,"column":5}},{"start":{"line":34,"column":4},"end":{"line":36,"column":5}}],"line":34},"3":{"loc":{"start":{"line":49,"column":4},"end":{"line":52,"column":5}},"type":"if","locations":[{"start":{"line":49,"column":4},"end":{"line":52,"column":5}},{"start":{"line":49,"column":4},"end":{"line":52,"column":5}}],"line":49},"4":{"loc":{"start":{"line":80,"column":2},"end":{"line":95,"column":3}},"type":"if","locations":[{"start":{"line":80,"column":2},"end":{"line":95,"column":3}},{"start":{"line":80,"column":2},"end":{"line":95,"column":3}}],"line":80}},"s":{"0":1,"1":1,"2":1,"3":1,"4":1,"5":1,"6":1,"7":3,"8":1,"9":1,"10":0,"11":1,"12":0,"13":0,"14":0,"15":0,"16":0,"17":0,"18":0,"19":1,"20":0,"21":0,"22":0,"23":0,"24":0,"25":0,"26":0,"27":0,"28":0,"29":0,"30":1,"31":0,"32":0,"33":0,"34":0,"35":0,"36":0,"37":0,"38":0,"39":1},"f":{"0":3,"1":0,"2":0,"3":0,"4":0,"5":0,"6":0,"7":0},"b":{"0":[0,3],"1":[3,3],"2":[0,0],"3":[0,0],"4":[0,0]},"_coverageSchema":"43e27e138ebf9cfc5966b082cf9a028302ed4184","hash":"16b67129acdc755d1a3747ce6e4aa2e8c92f07f0","contentHash":"fab6c403de9ecd0afee4d8369e9466a3"},"C:\\Users\\Gisele Iradu\\Desktop\\sendIT\\src\\routes\\users.js":{"path":"C:\\Users\\Gisele Iradu\\Desktop\\sendIT\\src\\routes\\users.js","statementMap":{"0":{"start":{"line":3,"column":0},"end":{"line":5,"column":3}},"1":{"start":{"line":7,"column":15},"end":{"line":7,"column":33}},"2":{"start":{"line":9,"column":16},"end":{"line":9,"column":48}},"3":{"start":{"line":11,"column":14},"end":{"line":11,"column":41}},"4":{"start":{"line":13,"column":15},"end":{"line":13,"column":46}},"5":{"start":{"line":15,"column":13},"end":{"line":15,"column":39}},"6":{"start":{"line":17,"column":14},"end":{"line":17,"column":44}},"7":{"start":{"line":19,"column":12},"end":{"line":19,"column":42}},"8":{"start":{"line":21,"column":13},"end":{"line":21,"column":42}},"9":{"start":{"line":23,"column":11},"end":{"line":23,"column":25}},"10":{"start":{"line":25,"column":12},"end":{"line":25,"column":40}},"11":{"start":{"line":27,"column":39},"end":{"line":27,"column":93}},"12":{"start":{"line":29,"column":33},"end":{"line":29,"column":456}},"13":{"start":{"line":29,"column":64},"end":{"line":29,"column":89}},"14":{"start":{"line":29,"column":91},"end":{"line":29,"column":453}},"15":{"start":{"line":29,"column":165},"end":{"line":29,"column":263}},"16":{"start":{"line":29,"column":182},"end":{"line":29,"column":195}},"17":{"start":{"line":29,"column":209},"end":{"line":29,"column":219}},"18":{"start":{"line":29,"column":239},"end":{"line":29,"column":253}},"19":{"start":{"line":29,"column":254},"end":{"line":29,"column":261}},"20":{"start":{"line":29,"column":264},"end":{"line":29,"column":426}},"21":{"start":{"line":29,"column":281},"end":{"line":29,"column":296}},"22":{"start":{"line":29,"column":306},"end":{"line":29,"column":424}},"23":{"start":{"line":29,"column":360},"end":{"line":29,"column":380}},"24":{"start":{"line":29,"column":401},"end":{"line":29,"column":420}},"25":{"start":{"line":29,"column":429},"end":{"line":29,"column":449}},"26":{"start":{"line":31,"column":44},"end":{"line":31,"column":195}},"27":{"start":{"line":31,"column":62},"end":{"line":31,"column":166}},"28":{"start":{"line":31,"column":176},"end":{"line":31,"column":193}},"29":{"start":{"line":31,"column":196},"end":{"line":31,"column":207}},"30":{"start":{"line":33,"column":13},"end":{"line":33,"column":39}},"31":{"start":{"line":35,"column":0},"end":{"line":42,"column":3}},"32":{"start":{"line":36,"column":16},"end":{"line":36,"column":51}},"33":{"start":{"line":39,"column":2},"end":{"line":41,"column":5}},"34":{"start":{"line":44,"column":19},"end":{"line":54,"column":1}},"35":{"start":{"line":45,"column":15},"end":{"line":52,"column":48}},"36":{"start":{"line":53,"column":2},"end":{"line":53,"column":49}},"37":{"start":{"line":56,"column":0},"end":{"line":106,"column":5}},"38":{"start":{"line":57,"column":13},"end":{"line":101,"column":5}},"39":{"start":{"line":60,"column":4},"end":{"line":100,"column":27}},"40":{"start":{"line":61,"column":6},"end":{"line":99,"column":7}},"41":{"start":{"line":62,"column":8},"end":{"line":98,"column":9}},"42":{"start":{"line":64,"column":12},"end":{"line":64,"column":76}},"43":{"start":{"line":66,"column":12},"end":{"line":69,"column":13}},"44":{"start":{"line":67,"column":14},"end":{"line":67,"column":32}},"45":{"start":{"line":68,"column":14},"end":{"line":68,"column":20}},"46":{"start":{"line":71,"column":12},"end":{"line":71,"column":57}},"47":{"start":{"line":72,"column":12},"end":{"line":72,"column":45}},"48":{"start":{"line":75,"column":12},"end":{"line":75,"column":43}},"49":{"start":{"line":76,"column":12},"end":{"line":83,"column":14}},"50":{"start":{"line":84,"column":12},"end":{"line":84,"column":30}},"51":{"start":{"line":85,"column":12},"end":{"line":85,"column":43}},"52":{"start":{"line":88,"column":12},"end":{"line":88,"column":40}},"53":{"start":{"line":91,"column":12},"end":{"line":93,"column":15}},"54":{"start":{"line":97,"column":12},"end":{"line":97,"column":35}},"55":{"start":{"line":103,"column":2},"end":{"line":105,"column":4}},"56":{"start":{"line":104,"column":4},"end":{"line":104,"column":39}},"57":{"start":{"line":108,"column":0},"end":{"line":120,"column":3}},"58":{"start":{"line":109,"column":16},"end":{"line":109,"column":51}},"59":{"start":{"line":110,"column":13},"end":{"line":113,"column":3}},"60":{"start":{"line":115,"column":16},"end":{"line":115,"column":36}},"61":{"start":{"line":117,"column":2},"end":{"line":119,"column":5}},"62":{"start":{"line":122,"column":0},"end":{"line":136,"column":3}},"63":{"start":{"line":123,"column":16},"end":{"line":123,"column":18}},"64":{"start":{"line":124,"column":12},"end":{"line":124,"column":26}},"65":{"start":{"line":127,"column":2},"end":{"line":131,"column":5}},"66":{"start":{"line":128,"column":4},"end":{"line":130,"column":5}},"67":{"start":{"line":129,"column":6},"end":{"line":129,"column":26}},"68":{"start":{"line":133,"column":2},"end":{"line":135,"column":5}},"69":{"start":{"line":138,"column":0},"end":{"line":138,"column":25}}},"fnMap":{"0":{"name":"_interopRequireDefault","decl":{"start":{"line":27,"column":9},"end":{"line":27,"column":31}},"loc":{"start":{"line":27,"column":37},"end":{"line":27,"column":95}},"line":27},"1":{"name":"_asyncToGenerator","decl":{"start":{"line":29,"column":9},"end":{"line":29,"column":26}},"loc":{"start":{"line":29,"column":31},"end":{"line":29,"column":458}},"line":29},"2":{"name":"(anonymous_2)","decl":{"start":{"line":29,"column":40},"end":{"line":29,"column":41}},"loc":{"start":{"line":29,"column":52},"end":{"line":29,"column":455}},"line":29},"3":{"name":"(anonymous_3)","decl":{"start":{"line":29,"column":110},"end":{"line":29,"column":111}},"loc":{"start":{"line":29,"column":137},"end":{"line":29,"column":451}},"line":29},"4":{"name":"step","decl":{"start":{"line":29,"column":148},"end":{"line":29,"column":152}},"loc":{"start":{"line":29,"column":163},"end":{"line":29,"column":428}},"line":29},"5":{"name":"(anonymous_5)","decl":{"start":{"line":29,"column":341},"end":{"line":29,"column":342}},"loc":{"start":{"line":29,"column":358},"end":{"line":29,"column":382}},"line":29},"6":{"name":"(anonymous_6)","decl":{"start":{"line":29,"column":384},"end":{"line":29,"column":385}},"loc":{"start":{"line":29,"column":399},"end":{"line":29,"column":422}},"line":29},"7":{"name":"_defineProperty","decl":{"start":{"line":31,"column":9},"end":{"line":31,"column":24}},"loc":{"start":{"line":31,"column":42},"end":{"line":31,"column":209}},"line":31},"8":{"name":"(anonymous_8)","decl":{"start":{"line":35,"column":16},"end":{"line":35,"column":17}},"loc":{"start":{"line":35,"column":36},"end":{"line":42,"column":1}},"line":35},"9":{"name":"validateUser","decl":{"start":{"line":44,"column":28},"end":{"line":44,"column":40}},"loc":{"start":{"line":44,"column":50},"end":{"line":54,"column":1}},"line":44},"10":{"name":"(anonymous_10)","decl":{"start":{"line":56,"column":24},"end":{"line":56,"column":25}},"loc":{"start":{"line":56,"column":36},"end":{"line":106,"column":1}},"line":56},"11":{"name":"_callee","decl":{"start":{"line":57,"column":78},"end":{"line":57,"column":85}},"loc":{"start":{"line":57,"column":96},"end":{"line":101,"column":3}},"line":57},"12":{"name":"_callee$","decl":{"start":{"line":60,"column":44},"end":{"line":60,"column":52}},"loc":{"start":{"line":60,"column":63},"end":{"line":100,"column":5}},"line":60},"13":{"name":"(anonymous_13)","decl":{"start":{"line":103,"column":9},"end":{"line":103,"column":10}},"loc":{"start":{"line":103,"column":28},"end":{"line":105,"column":3}},"line":103},"14":{"name":"(anonymous_14)","decl":{"start":{"line":108,"column":24},"end":{"line":108,"column":25}},"loc":{"start":{"line":108,"column":44},"end":{"line":120,"column":1}},"line":108},"15":{"name":"(anonymous_15)","decl":{"start":{"line":122,"column":28},"end":{"line":122,"column":29}},"loc":{"start":{"line":122,"column":48},"end":{"line":136,"column":1}},"line":122},"16":{"name":"(anonymous_16)","decl":{"start":{"line":127,"column":27},"end":{"line":127,"column":28}},"loc":{"start":{"line":127,"column":44},"end":{"line":131,"column":3}},"line":127}},"branchMap":{"0":{"loc":{"start":{"line":27,"column":46},"end":{"line":27,"column":92}},"type":"cond-expr","locations":[{"start":{"line":27,"column":70},"end":{"line":27,"column":73}},{"start":{"line":27,"column":76},"end":{"line":27,"column":92}}],"line":27},"1":{"loc":{"start":{"line":27,"column":46},"end":{"line":27,"column":67}},"type":"binary-expr","locations":[{"start":{"line":27,"column":46},"end":{"line":27,"column":49}},{"start":{"line":27,"column":53},"end":{"line":27,"column":67}}],"line":27},"2":{"loc":{"start":{"line":29,"column":264},"end":{"line":29,"column":426}},"type":"if","locations":[{"start":{"line":29,"column":264},"end":{"line":29,"column":426}},{"start":{"line":29,"column":264},"end":{"line":29,"column":426}}],"line":29},"3":{"loc":{"start":{"line":31,"column":44},"end":{"line":31,"column":195}},"type":"if","locations":[{"start":{"line":31,"column":44},"end":{"line":31,"column":195}},{"start":{"line":31,"column":44},"end":{"line":31,"column":195}}],"line":31},"4":{"loc":{"start":{"line":62,"column":8},"end":{"line":98,"column":9}},"type":"switch","locations":[{"start":{"line":63,"column":10},"end":{"line":72,"column":45}},{"start":{"line":74,"column":10},"end":{"line":85,"column":43}},{"start":{"line":87,"column":10},"end":{"line":93,"column":15}},{"start":{"line":95,"column":10},"end":{"line":95,"column":18}},{"start":{"line":96,"column":10},"end":{"line":97,"column":35}}],"line":62},"5":{"loc":{"start":{"line":66,"column":12},"end":{"line":69,"column":13}},"type":"if","locations":[{"start":{"line":66,"column":12},"end":{"line":69,"column":13}},{"start":{"line":66,"column":12},"end":{"line":69,"column":13}}],"line":66},"6":{"loc":{"start":{"line":128,"column":4},"end":{"line":130,"column":5}},"type":"if","locations":[{"start":{"line":128,"column":4},"end":{"line":130,"column":5}},{"start":{"line":128,"column":4},"end":{"line":130,"column":5}}],"line":128}},"s":{"0":1,"1":1,"2":1,"3":1,"4":1,"5":1,"6":1,"7":1,"8":1,"9":1,"10":1,"11":5,"12":1,"13":0,"14":0,"15":0,"16":0,"17":0,"18":0,"19":0,"20":0,"21":0,"22":0,"23":0,"24":0,"25":0,"26":0,"27":0,"28":0,"29":0,"30":1,"31":1,"32":0,"33":0,"34":1,"35":0,"36":0,"37":1,"38":1,"39":0,"40":0,"41":0,"42":0,"43":0,"44":0,"45":0,"46":0,"47":0,"48":0,"49":0,"50":0,"51":0,"52":0,"53":0,"54":0,"55":1,"56":0,"57":1,"58":0,"59":0,"60":0,"61":0,"62":1,"63":0,"64":0,"65":0,"66":0,"67":0,"68":0,"69":1},"f":{"0":5,"1":1,"2":0,"3":0,"4":0,"5":0,"6":0,"7":0,"8":0,"9":0,"10":1,"11":0,"12":0,"13":0,"14":0,"15":0,"16":0},"b":{"0":[1,4],"1":[5,5],"2":[0,0],"3":[0,0],"4":[0,0,0,0,0],"5":[0,0],"6":[0,0]},"_coverageSchema":"43e27e138ebf9cfc5966b082cf9a028302ed4184","hash":"cc7bcd6eb00e78d59b644dce5c9afe0309134075","contentHash":"5706b4cf187af96de9abf153283aef21"},"C:\\Users\\Gisele Iradu\\Desktop\\sendIT\\src\\controllers\\User.js":{"path":"C:\\Users\\Gisele Iradu\\Desktop\\sendIT\\src\\controllers\\User.js","statementMap":{"0":{"start":{"line":3,"column":0},"end":{"line":5,"column":3}},"1":{"start":{"line":7,"column":19},"end":{"line":7,"column":563}},"2":{"start":{"line":7,"column":76},"end":{"line":7,"column":347}},"3":{"start":{"line":7,"column":134},"end":{"line":7,"column":142}},"4":{"start":{"line":7,"column":144},"end":{"line":7,"column":199}},"5":{"start":{"line":7,"column":200},"end":{"line":7,"column":231}},"6":{"start":{"line":7,"column":232},"end":{"line":7,"column":286}},"7":{"start":{"line":7,"column":259},"end":{"line":7,"column":286}},"8":{"start":{"line":7,"column":287},"end":{"line":7,"column":345}},"9":{"start":{"line":7,"column":350},"end":{"line":7,"column":559}},"10":{"start":{"line":7,"column":407},"end":{"line":7,"column":475}},"11":{"start":{"line":7,"column":423},"end":{"line":7,"column":475}},"12":{"start":{"line":7,"column":476},"end":{"line":7,"column":536}},"13":{"start":{"line":7,"column":493},"end":{"line":7,"column":536}},"14":{"start":{"line":7,"column":537},"end":{"line":7,"column":556}},"15":{"start":{"line":9,"column":10},"end":{"line":9,"column":29}},"16":{"start":{"line":11,"column":11},"end":{"line":11,"column":38}},"17":{"start":{"line":13,"column":14},"end":{"line":13,"column":31}},"18":{"start":{"line":15,"column":15},"end":{"line":15,"column":46}},"19":{"start":{"line":17,"column":39},"end":{"line":17,"column":93}},"20":{"start":{"line":19,"column":33},"end":{"line":19,"column":456}},"21":{"start":{"line":19,"column":64},"end":{"line":19,"column":89}},"22":{"start":{"line":19,"column":91},"end":{"line":19,"column":453}},"23":{"start":{"line":19,"column":165},"end":{"line":19,"column":263}},"24":{"start":{"line":19,"column":182},"end":{"line":19,"column":195}},"25":{"start":{"line":19,"column":209},"end":{"line":19,"column":219}},"26":{"start":{"line":19,"column":239},"end":{"line":19,"column":253}},"27":{"start":{"line":19,"column":254},"end":{"line":19,"column":261}},"28":{"start":{"line":19,"column":264},"end":{"line":19,"column":426}},"29":{"start":{"line":19,"column":281},"end":{"line":19,"column":296}},"30":{"start":{"line":19,"column":306},"end":{"line":19,"column":424}},"31":{"start":{"line":19,"column":360},"end":{"line":19,"column":380}},"32":{"start":{"line":19,"column":401},"end":{"line":19,"column":420}},"33":{"start":{"line":19,"column":429},"end":{"line":19,"column":449}},"34":{"start":{"line":21,"column":50},"end":{"line":21,"column":151}},"35":{"start":{"line":21,"column":92},"end":{"line":21,"column":149}},"36":{"start":{"line":23,"column":11},"end":{"line":131,"column":3}},"37":{"start":{"line":25,"column":4},"end":{"line":25,"column":32}},"38":{"start":{"line":27,"column":4},"end":{"line":27,"column":23}},"39":{"start":{"line":28,"column":4},"end":{"line":28,"column":19}},"40":{"start":{"line":31,"column":2},"end":{"line":128,"column":6}},"41":{"start":{"line":34,"column":6},"end":{"line":34,"column":24}},"42":{"start":{"line":39,"column":17},"end":{"line":93,"column":9}},"43":{"start":{"line":42,"column":8},"end":{"line":92,"column":37}},"44":{"start":{"line":43,"column":10},"end":{"line":91,"column":11}},"45":{"start":{"line":44,"column":12},"end":{"line":90,"column":13}},"46":{"start":{"line":46,"column":16},"end":{"line":49,"column":17}},"47":{"start":{"line":47,"column":18},"end":{"line":47,"column":37}},"48":{"start":{"line":48,"column":18},"end":{"line":48,"column":24}},"49":{"start":{"line":51,"column":16},"end":{"line":51,"column":207}},"50":{"start":{"line":54,"column":16},"end":{"line":54,"column":125}},"51":{"start":{"line":56,"column":16},"end":{"line":56,"column":34}},"52":{"start":{"line":57,"column":16},"end":{"line":57,"column":34}},"53":{"start":{"line":58,"column":16},"end":{"line":58,"column":58}},"54":{"start":{"line":61,"column":16},"end":{"line":61,"column":38}},"55":{"start":{"line":62,"column":16},"end":{"line":62,"column":34}},"56":{"start":{"line":64,"column":16},"end":{"line":67,"column":17}},"57":{"start":{"line":65,"column":18},"end":{"line":65,"column":37}},"58":{"start":{"line":66,"column":18},"end":{"line":66,"column":24}},"59":{"start":{"line":69,"column":16},"end":{"line":69,"column":58}},"60":{"start":{"line":72,"column":16},"end":{"line":72,"column":35}},"61":{"start":{"line":73,"column":16},"end":{"line":73,"column":22}},"62":{"start":{"line":76,"column":16},"end":{"line":76,"column":35}},"63":{"start":{"line":77,"column":16},"end":{"line":77,"column":51}},"64":{"start":{"line":78,"column":16},"end":{"line":78,"column":81}},"65":{"start":{"line":81,"column":16},"end":{"line":81,"column":35}},"66":{"start":{"line":82,"column":16},"end":{"line":82,"column":22}},"67":{"start":{"line":85,"column":16},"end":{"line":85,"column":91}},"68":{"start":{"line":89,"column":16},"end":{"line":89,"column":39}},"69":{"start":{"line":96,"column":8},"end":{"line":96,"column":43}},"70":{"start":{"line":99,"column":6},"end":{"line":99,"column":20}},"71":{"start":{"line":104,"column":18},"end":{"line":104,"column":22}},"72":{"start":{"line":106,"column":6},"end":{"line":126,"column":7}},"73":{"start":{"line":107,"column":8},"end":{"line":118,"column":11}},"74":{"start":{"line":108,"column":10},"end":{"line":117,"column":11}},"75":{"start":{"line":109,"column":12},"end":{"line":116,"column":14}},"76":{"start":{"line":119,"column":8},"end":{"line":123,"column":9}},"77":{"start":{"line":120,"column":10},"end":{"line":120,"column":27}},"78":{"start":{"line":122,"column":10},"end":{"line":122,"column":57}},"79":{"start":{"line":125,"column":8},"end":{"line":125,"column":56}},"80":{"start":{"line":130,"column":2},"end":{"line":130,"column":14}},"81":{"start":{"line":133,"column":0},"end":{"line":133,"column":23}}},"fnMap":{"0":{"name":"(anonymous_0)","decl":{"start":{"line":7,"column":19},"end":{"line":7,"column":20}},"loc":{"start":{"line":7,"column":31},"end":{"line":7,"column":561}},"line":7},"1":{"name":"defineProperties","decl":{"start":{"line":7,"column":42},"end":{"line":7,"column":58}},"loc":{"start":{"line":7,"column":74},"end":{"line":7,"column":349}},"line":7},"2":{"name":"(anonymous_2)","decl":{"start":{"line":7,"column":357},"end":{"line":7,"column":358}},"loc":{"start":{"line":7,"column":405},"end":{"line":7,"column":558}},"line":7},"3":{"name":"_interopRequireDefault","decl":{"start":{"line":17,"column":9},"end":{"line":17,"column":31}},"loc":{"start":{"line":17,"column":37},"end":{"line":17,"column":95}},"line":17},"4":{"name":"_asyncToGenerator","decl":{"start":{"line":19,"column":9},"end":{"line":19,"column":26}},"loc":{"start":{"line":19,"column":31},"end":{"line":19,"column":458}},"line":19},"5":{"name":"(anonymous_5)","decl":{"start":{"line":19,"column":40},"end":{"line":19,"column":41}},"loc":{"start":{"line":19,"column":52},"end":{"line":19,"column":455}},"line":19},"6":{"name":"(anonymous_6)","decl":{"start":{"line":19,"column":110},"end":{"line":19,"column":111}},"loc":{"start":{"line":19,"column":137},"end":{"line":19,"column":451}},"line":19},"7":{"name":"step","decl":{"start":{"line":19,"column":148},"end":{"line":19,"column":152}},"loc":{"start":{"line":19,"column":163},"end":{"line":19,"column":428}},"line":19},"8":{"name":"(anonymous_8)","decl":{"start":{"line":19,"column":341},"end":{"line":19,"column":342}},"loc":{"start":{"line":19,"column":358},"end":{"line":19,"column":382}},"line":19},"9":{"name":"(anonymous_9)","decl":{"start":{"line":19,"column":384},"end":{"line":19,"column":385}},"loc":{"start":{"line":19,"column":399},"end":{"line":19,"column":422}},"line":19},"10":{"name":"_classCallCheck","decl":{"start":{"line":21,"column":9},"end":{"line":21,"column":24}},"loc":{"start":{"line":21,"column":48},"end":{"line":21,"column":153}},"line":21},"11":{"name":"(anonymous_11)","decl":{"start":{"line":23,"column":11},"end":{"line":23,"column":12}},"loc":{"start":{"line":23,"column":23},"end":{"line":131,"column":1}},"line":23},"12":{"name":"User","decl":{"start":{"line":24,"column":11},"end":{"line":24,"column":15}},"loc":{"start":{"line":24,"column":23},"end":{"line":29,"column":3}},"line":24},"13":{"name":"getAll","decl":{"start":{"line":33,"column":20},"end":{"line":33,"column":26}},"loc":{"start":{"line":33,"column":29},"end":{"line":35,"column":5}},"line":33},"14":{"name":"(anonymous_14)","decl":{"start":{"line":38,"column":11},"end":{"line":38,"column":12}},"loc":{"start":{"line":38,"column":23},"end":{"line":100,"column":5}},"line":38},"15":{"name":"_callee","decl":{"start":{"line":39,"column":82},"end":{"line":39,"column":89}},"loc":{"start":{"line":39,"column":99},"end":{"line":93,"column":7}},"line":39},"16":{"name":"_callee$","decl":{"start":{"line":42,"column":48},"end":{"line":42,"column":56}},"loc":{"start":{"line":42,"column":67},"end":{"line":92,"column":9}},"line":42},"17":{"name":"signUp","decl":{"start":{"line":95,"column":15},"end":{"line":95,"column":21}},"loc":{"start":{"line":95,"column":26},"end":{"line":97,"column":7}},"line":95},"18":{"name":"signIn","decl":{"start":{"line":103,"column":20},"end":{"line":103,"column":26}},"loc":{"start":{"line":103,"column":36},"end":{"line":127,"column":5}},"line":103},"19":{"name":"(anonymous_19)","decl":{"start":{"line":107,"column":27},"end":{"line":107,"column":28}},"loc":{"start":{"line":107,"column":43},"end":{"line":118,"column":9}},"line":107}},"branchMap":{"0":{"loc":{"start":{"line":7,"column":168},"end":{"line":7,"column":198}},"type":"binary-expr","locations":[{"start":{"line":7,"column":168},"end":{"line":7,"column":189}},{"start":{"line":7,"column":193},"end":{"line":7,"column":198}}],"line":7},"1":{"loc":{"start":{"line":7,"column":232},"end":{"line":7,"column":286}},"type":"if","locations":[{"start":{"line":7,"column":232},"end":{"line":7,"column":286}},{"start":{"line":7,"column":232},"end":{"line":7,"column":286}}],"line":7},"2":{"loc":{"start":{"line":7,"column":407},"end":{"line":7,"column":475}},"type":"if","locations":[{"start":{"line":7,"column":407},"end":{"line":7,"column":475}},{"start":{"line":7,"column":407},"end":{"line":7,"column":475}}],"line":7},"3":{"loc":{"start":{"line":7,"column":476},"end":{"line":7,"column":536}},"type":"if","locations":[{"start":{"line":7,"column":476},"end":{"line":7,"column":536}},{"start":{"line":7,"column":476},"end":{"line":7,"column":536}}],"line":7},"4":{"loc":{"start":{"line":17,"column":46},"end":{"line":17,"column":92}},"type":"cond-expr","locations":[{"start":{"line":17,"column":70},"end":{"line":17,"column":73}},{"start":{"line":17,"column":76},"end":{"line":17,"column":92}}],"line":17},"5":{"loc":{"start":{"line":17,"column":46},"end":{"line":17,"column":67}},"type":"binary-expr","locations":[{"start":{"line":17,"column":46},"end":{"line":17,"column":49}},{"start":{"line":17,"column":53},"end":{"line":17,"column":67}}],"line":17},"6":{"loc":{"start":{"line":19,"column":264},"end":{"line":19,"column":426}},"type":"if","locations":[{"start":{"line":19,"column":264},"end":{"line":19,"column":426}},{"start":{"line":19,"column":264},"end":{"line":19,"column":426}}],"line":19},"7":{"loc":{"start":{"line":21,"column":50},"end":{"line":21,"column":151}},"type":"if","locations":[{"start":{"line":21,"column":50},"end":{"line":21,"column":151}},{"start":{"line":21,"column":50},"end":{"line":21,"column":151}}],"line":21},"8":{"loc":{"start":{"line":44,"column":12},"end":{"line":90,"column":13}},"type":"switch","locations":[{"start":{"line":45,"column":14},"end":{"line":58,"column":58}},{"start":{"line":60,"column":14},"end":{"line":69,"column":58}},{"start":{"line":71,"column":14},"end":{"line":73,"column":22}},{"start":{"line":75,"column":14},"end":{"line":78,"column":81}},{"start":{"line":80,"column":14},"end":{"line":82,"column":22}},{"start":{"line":84,"column":14},"end":{"line":85,"column":91}},{"start":{"line":87,"column":14},"end":{"line":87,"column":22}},{"start":{"line":88,"column":14},"end":{"line":89,"column":39}}],"line":44},"9":{"loc":{"start":{"line":46,"column":16},"end":{"line":49,"column":17}},"type":"if","locations":[{"start":{"line":46,"column":16},"end":{"line":49,"column":17}},{"start":{"line":46,"column":16},"end":{"line":49,"column":17}}],"line":46},"10":{"loc":{"start":{"line":46,"column":22},"end":{"line":46,"column":89}},"type":"binary-expr","locations":[{"start":{"line":46,"column":22},"end":{"line":46,"column":35}},{"start":{"line":46,"column":39},"end":{"line":46,"column":52}},{"start":{"line":46,"column":56},"end":{"line":46,"column":72}},{"start":{"line":46,"column":76},"end":{"line":46,"column":89}}],"line":46},"11":{"loc":{"start":{"line":64,"column":16},"end":{"line":67,"column":17}},"type":"if","locations":[{"start":{"line":64,"column":16},"end":{"line":67,"column":17}},{"start":{"line":64,"column":16},"end":{"line":67,"column":17}}],"line":64},"12":{"loc":{"start":{"line":106,"column":6},"end":{"line":126,"column":7}},"type":"if","locations":[{"start":{"line":106,"column":6},"end":{"line":126,"column":7}},{"start":{"line":106,"column":6},"end":{"line":126,"column":7}}],"line":106},"13":{"loc":{"start":{"line":106,"column":10},"end":{"line":106,"column":43}},"type":"binary-expr","locations":[{"start":{"line":106,"column":10},"end":{"line":106,"column":23}},{"start":{"line":106,"column":27},"end":{"line":106,"column":43}}],"line":106},"14":{"loc":{"start":{"line":108,"column":10},"end":{"line":117,"column":11}},"type":"if","locations":[{"start":{"line":108,"column":10},"end":{"line":117,"column":11}},{"start":{"line":108,"column":10},"end":{"line":117,"column":11}}],"line":108},"15":{"loc":{"start":{"line":108,"column":14},"end":{"line":108,"column":80}},"type":"binary-expr","locations":[{"start":{"line":108,"column":14},"end":{"line":108,"column":42}},{"start":{"line":108,"column":46},"end":{"line":108,"column":80}}],"line":108},"16":{"loc":{"start":{"line":119,"column":8},"end":{"line":123,"column":9}},"type":"if","locations":[{"start":{"line":119,"column":8},"end":{"line":123,"column":9}},{"start":{"line":119,"column":8},"end":{"line":123,"column":9}}],"line":119}},"s":{"0":1,"1":1,"2":1,"3":3,"4":3,"5":3,"6":3,"7":3,"8":3,"9":1,"10":1,"11":1,"12":1,"13":0,"14":1,"15":1,"16":1,"17":1,"18":1,"19":2,"20":1,"21":0,"22":0,"23":0,"24":0,"25":0,"26":0,"27":0,"28":0,"29":0,"30":0,"31":0,"32":0,"33":0,"34":0,"35":0,"36":1,"37":0,"38":0,"39":0,"40":1,"41":0,"42":1,"43":0,"44":0,"45":0,"46":0,"47":0,"48":0,"49":0,"50":0,"51":0,"52":0,"53":0,"54":0,"55":0,"56":0,"57":0,"58":0,"59":0,"60":0,"61":0,"62":0,"63":0,"64":0,"65":0,"66":0,"67":0,"68":0,"69":0,"70":1,"71":0,"72":0,"73":0,"74":0,"75":0,"76":0,"77":0,"78":0,"79":0,"80":1,"81":1},"f":{"0":1,"1":1,"2":1,"3":2,"4":1,"5":0,"6":0,"7":0,"8":0,"9":0,"10":0,"11":1,"12":0,"13":0,"14":1,"15":0,"16":0,"17":0,"18":0,"19":0},"b":{"0":[3,3],"1":[3,0],"2":[1,0],"3":[0,1],"4":[1,1],"5":[2,2],"6":[0,0],"7":[0,0],"8":[0,0,0,0,0,0,0,0],"9":[0,0],"10":[0,0,0,0],"11":[0,0],"12":[0,0],"13":[0,0],"14":[0,0],"15":[0,0],"16":[0,0]},"_coverageSchema":"43e27e138ebf9cfc5966b082cf9a028302ed4184","hash":"205fce062ebeceda01c912039be599faff0ca0a0","contentHash":"79b2e5a9b98ce6e5df705fa0a29d481a"},"C:\\Users\\Gisele Iradu\\Desktop\\sendIT\\src\\db\\db.js":{"path":"C:\\Users\\Gisele Iradu\\Desktop\\sendIT\\src\\db\\db.js","statementMap":{"0":{"start":{"line":3,"column":0},"end":{"line":5,"column":3}},"1":{"start":{"line":7,"column":10},"end":{"line":7,"column":23}},"2":{"start":{"line":9,"column":11},"end":{"line":9,"column":38}},"3":{"start":{"line":11,"column":14},"end":{"line":11,"column":31}},"4":{"start":{"line":13,"column":15},"end":{"line":13,"column":46}},"5":{"start":{"line":15,"column":39},"end":{"line":15,"column":93}},"6":{"start":{"line":17,"column":0},"end":{"line":17,"column":26}},"7":{"start":{"line":18,"column":13},"end":{"line":24,"column":1}},"8":{"start":{"line":25,"column":11},"end":{"line":25,"column":40}},"9":{"start":{"line":26,"column":0},"end":{"line":28,"column":3}},"10":{"start":{"line":27,"column":2},"end":{"line":27,"column":48}},"11":{"start":{"line":30,"column":0},"end":{"line":40,"column":2}},"12":{"start":{"line":32,"column":4},"end":{"line":38,"column":7}},"13":{"start":{"line":33,"column":6},"end":{"line":37,"column":9}},"14":{"start":{"line":34,"column":8},"end":{"line":34,"column":21}},"15":{"start":{"line":36,"column":8},"end":{"line":36,"column":20}}},"fnMap":{"0":{"name":"_interopRequireDefault","decl":{"start":{"line":15,"column":9},"end":{"line":15,"column":31}},"loc":{"start":{"line":15,"column":37},"end":{"line":15,"column":95}},"line":15},"1":{"name":"(anonymous_1)","decl":{"start":{"line":26,"column":19},"end":{"line":26,"column":20}},"loc":{"start":{"line":26,"column":31},"end":{"line":28,"column":1}},"line":26},"2":{"name":"query","decl":{"start":{"line":31,"column":18},"end":{"line":31,"column":23}},"loc":{"start":{"line":31,"column":38},"end":{"line":39,"column":3}},"line":31},"3":{"name":"(anonymous_3)","decl":{"start":{"line":32,"column":23},"end":{"line":32,"column":24}},"loc":{"start":{"line":32,"column":50},"end":{"line":38,"column":5}},"line":32},"4":{"name":"(anonymous_4)","decl":{"start":{"line":33,"column":36},"end":{"line":33,"column":37}},"loc":{"start":{"line":33,"column":51},"end":{"line":35,"column":7}},"line":33},"5":{"name":"(anonymous_5)","decl":{"start":{"line":35,"column":15},"end":{"line":35,"column":16}},"loc":{"start":{"line":35,"column":30},"end":{"line":37,"column":7}},"line":35}},"branchMap":{"0":{"loc":{"start":{"line":15,"column":46},"end":{"line":15,"column":92}},"type":"cond-expr","locations":[{"start":{"line":15,"column":70},"end":{"line":15,"column":73}},{"start":{"line":15,"column":76},"end":{"line":15,"column":92}}],"line":15},"1":{"loc":{"start":{"line":15,"column":46},"end":{"line":15,"column":67}},"type":"binary-expr","locations":[{"start":{"line":15,"column":46},"end":{"line":15,"column":49}},{"start":{"line":15,"column":53},"end":{"line":15,"column":67}}],"line":15}},"s":{"0":1,"1":1,"2":1,"3":1,"4":1,"5":2,"6":1,"7":1,"8":1,"9":1,"10":0,"11":1,"12":0,"13":0,"14":0,"15":0},"f":{"0":2,"1":0,"2":0,"3":0,"4":0,"5":0},"b":{"0":[0,2],"1":[2,2]},"_coverageSchema":"43e27e138ebf9cfc5966b082cf9a028302ed4184","hash":"4b40cd50ada56d0bc8bcc8c74437f31000a13927","contentHash":"33f13b0164cb7f5c8075b4ac906cb8bb"},"C:\\Users\\Gisele Iradu\\Desktop\\sendIT\\server\\app.js":{"path":"C:\\Users\\Gisele Iradu\\Desktop\\sendIT\\server\\app.js","statementMap":{"0":{"start":{"line":3,"column":0},"end":{"line":5,"column":3}},"1":{"start":{"line":7,"column":18},"end":{"line":7,"column":40}},"2":{"start":{"line":9,"column":19},"end":{"line":9,"column":54}},"3":{"start":{"line":11,"column":15},"end":{"line":11,"column":33}},"4":{"start":{"line":13,"column":16},"end":{"line":13,"column":48}},"5":{"start":{"line":15,"column":18},"end":{"line":15,"column":40}},"6":{"start":{"line":17,"column":19},"end":{"line":17,"column":54}},"7":{"start":{"line":19,"column":14},"end":{"line":19,"column":31}},"8":{"start":{"line":21,"column":15},"end":{"line":21,"column":46}},"9":{"start":{"line":23,"column":13},"end":{"line":23,"column":38}},"10":{"start":{"line":25,"column":14},"end":{"line":25,"column":44}},"11":{"start":{"line":27,"column":15},"end":{"line":27,"column":42}},"12":{"start":{"line":29,"column":16},"end":{"line":29,"column":48}},"13":{"start":{"line":31,"column":12},"end":{"line":31,"column":36}},"14":{"start":{"line":33,"column":13},"end":{"line":33,"column":42}},"15":{"start":{"line":35,"column":13},"end":{"line":35,"column":38}},"16":{"start":{"line":37,"column":14},"end":{"line":37,"column":44}},"17":{"start":{"line":39,"column":39},"end":{"line":39,"column":93}},"18":{"start":{"line":41,"column":10},"end":{"line":41,"column":34}},"19":{"start":{"line":43,"column":0},"end":{"line":43,"column":38}},"20":{"start":{"line":44,"column":0},"end":{"line":44,"column":37}},"21":{"start":{"line":45,"column":0},"end":{"line":45,"column":62}},"22":{"start":{"line":47,"column":0},"end":{"line":47,"column":46}},"23":{"start":{"line":48,"column":0},"end":{"line":48,"column":40}},"24":{"start":{"line":49,"column":0},"end":{"line":49,"column":42}},"25":{"start":{"line":50,"column":0},"end":{"line":50,"column":32}},"26":{"start":{"line":51,"column":0},"end":{"line":53,"column":3}},"27":{"start":{"line":52,"column":4},"end":{"line":52,"column":41}},"28":{"start":{"line":55,"column":0},"end":{"line":62,"column":3}},"29":{"start":{"line":56,"column":4},"end":{"line":56,"column":34}},"30":{"start":{"line":57,"column":4},"end":{"line":60,"column":7}},"31":{"start":{"line":61,"column":4},"end":{"line":61,"column":11}},"32":{"start":{"line":64,"column":0},"end":{"line":64,"column":22}}},"fnMap":{"0":{"name":"_interopRequireDefault","decl":{"start":{"line":39,"column":9},"end":{"line":39,"column":31}},"loc":{"start":{"line":39,"column":37},"end":{"line":39,"column":95}},"line":39},"1":{"name":"(anonymous_1)","decl":{"start":{"line":51,"column":8},"end":{"line":51,"column":9}},"loc":{"start":{"line":51,"column":34},"end":{"line":53,"column":1}},"line":51},"2":{"name":"(anonymous_2)","decl":{"start":{"line":55,"column":8},"end":{"line":55,"column":9}},"loc":{"start":{"line":55,"column":39},"end":{"line":62,"column":1}},"line":55}},"branchMap":{"0":{"loc":{"start":{"line":39,"column":46},"end":{"line":39,"column":92}},"type":"cond-expr","locations":[{"start":{"line":39,"column":70},"end":{"line":39,"column":73}},{"start":{"line":39,"column":76},"end":{"line":39,"column":92}}],"line":39},"1":{"loc":{"start":{"line":39,"column":46},"end":{"line":39,"column":67}},"type":"binary-expr","locations":[{"start":{"line":39,"column":46},"end":{"line":39,"column":49}},{"start":{"line":39,"column":53},"end":{"line":39,"column":67}}],"line":39},"2":{"loc":{"start":{"line":56,"column":15},"end":{"line":56,"column":32}},"type":"binary-expr","locations":[{"start":{"line":56,"column":15},"end":{"line":56,"column":25}},{"start":{"line":56,"column":29},"end":{"line":56,"column":32}}],"line":56}},"s":{"0":1,"1":1,"2":1,"3":1,"4":1,"5":1,"6":1,"7":1,"8":1,"9":1,"10":1,"11":1,"12":1,"13":1,"14":1,"15":1,"16":1,"17":8,"18":1,"19":1,"20":1,"21":1,"22":1,"23":1,"24":1,"25":1,"26":1,"27":0,"28":1,"29":0,"30":0,"31":0,"32":1},"f":{"0":8,"1":0,"2":0},"b":{"0":[4,4],"1":[8,8],"2":[0,0]},"_coverageSchema":"43e27e138ebf9cfc5966b082cf9a028302ed4184","hash":"d343014263e2b6b507cc63f7681b2fe02d2a4bda","contentHash":"0ed61a079592cd243a7ef015972a1631"},"C:\\Users\\Gisele Iradu\\Desktop\\sendIT\\server\\helper\\error.js":{"path":"C:\\Users\\Gisele Iradu\\Desktop\\sendIT\\server\\helper\\error.js","statementMap":{"0":{"start":{"line":3,"column":0},"end":{"line":5,"column":3}},"1":{"start":{"line":7,"column":17},"end":{"line":7,"column":37}},"2":{"start":{"line":10,"column":16},"end":{"line":17,"column":1}},"3":{"start":{"line":11,"column":2},"end":{"line":16,"column":4}},"4":{"start":{"line":12,"column":4},"end":{"line":12,"column":60}},"5":{"start":{"line":12,"column":43},"end":{"line":12,"column":60}},"6":{"start":{"line":13,"column":4},"end":{"line":15,"column":7}},"7":{"start":{"line":18,"column":0},"end":{"line":18,"column":28}}},"fnMap":{"0":{"name":"joiErrors","decl":{"start":{"line":10,"column":25},"end":{"line":10,"column":34}},"loc":{"start":{"line":10,"column":37},"end":{"line":17,"column":1}},"line":10},"1":{"name":"(anonymous_1)","decl":{"start":{"line":11,"column":9},"end":{"line":11,"column":10}},"loc":{"start":{"line":11,"column":40},"end":{"line":16,"column":3}},"line":11}},"branchMap":{"0":{"loc":{"start":{"line":12,"column":4},"end":{"line":12,"column":60}},"type":"if","locations":[{"start":{"line":12,"column":4},"end":{"line":12,"column":60}},{"start":{"line":12,"column":4},"end":{"line":12,"column":60}}],"line":12}},"s":{"0":1,"1":1,"2":1,"3":1,"4":1,"5":0,"6":1,"7":1},"f":{"0":1,"1":1},"b":{"0":[0,1]},"_coverageSchema":"43e27e138ebf9cfc5966b082cf9a028302ed4184","hash":"f36abd21674042dae592970c24ba6e139bd447a0","contentHash":"f2ce3241e716496973d4882e342be213"},"C:\\Users\\Gisele Iradu\\Desktop\\sendIT\\server\\routes\\parcels.js":{"path":"C:\\Users\\Gisele Iradu\\Desktop\\sendIT\\server\\routes\\parcels.js","statementMap":{"0":{"start":{"line":3,"column":0},"end":{"line":5,"column":3}},"1":{"start":{"line":7,"column":15},"end":{"line":7,"column":33}},"2":{"start":{"line":9,"column":16},"end":{"line":9,"column":48}},"3":{"start":{"line":11,"column":22},"end":{"line":11,"column":57}},"4":{"start":{"line":13,"column":23},"end":{"line":13,"column":62}},"5":{"start":{"line":15,"column":15},"end":{"line":15,"column":48}},"6":{"start":{"line":17,"column":16},"end":{"line":17,"column":48}},"7":{"start":{"line":19,"column":39},"end":{"line":19,"column":93}},"8":{"start":{"line":21,"column":13},"end":{"line":21,"column":39}},"9":{"start":{"line":23,"column":0},"end":{"line":23,"column":82}},"10":{"start":{"line":24,"column":0},"end":{"line":24,"column":82}},"11":{"start":{"line":25,"column":0},"end":{"line":25,"column":85}},"12":{"start":{"line":26,"column":0},"end":{"line":26,"column":113}},"13":{"start":{"line":27,"column":0},"end":{"line":27,"column":110}},"14":{"start":{"line":28,"column":0},"end":{"line":28,"column":119}},"15":{"start":{"line":29,"column":0},"end":{"line":29,"column":25}}},"fnMap":{"0":{"name":"_interopRequireDefault","decl":{"start":{"line":19,"column":9},"end":{"line":19,"column":31}},"loc":{"start":{"line":19,"column":37},"end":{"line":19,"column":95}},"line":19}},"branchMap":{"0":{"loc":{"start":{"line":19,"column":46},"end":{"line":19,"column":92}},"type":"cond-expr","locations":[{"start":{"line":19,"column":70},"end":{"line":19,"column":73}},{"start":{"line":19,"column":76},"end":{"line":19,"column":92}}],"line":19},"1":{"loc":{"start":{"line":19,"column":46},"end":{"line":19,"column":67}},"type":"binary-expr","locations":[{"start":{"line":19,"column":46},"end":{"line":19,"column":49}},{"start":{"line":19,"column":53},"end":{"line":19,"column":67}}],"line":19}},"s":{"0":1,"1":1,"2":1,"3":1,"4":1,"5":1,"6":1,"7":3,"8":1,"9":1,"10":1,"11":1,"12":1,"13":1,"14":1,"15":1},"f":{"0":3},"b":{"0":[2,1],"1":[3,3]},"_coverageSchema":"43e27e138ebf9cfc5966b082cf9a028302ed4184","hash":"8bb97d2c9dbbfa99fd01221508ee00a3463a3e52","contentHash":"95401f06623f25d5988c00169c7c1076"},"C:\\Users\\Gisele Iradu\\Desktop\\sendIT\\server\\helper\\authentication.js":{"path":"C:\\Users\\Gisele Iradu\\Desktop\\sendIT\\server\\helper\\authentication.js","statementMap":{"0":{"start":{"line":3,"column":0},"end":{"line":5,"column":3}},"1":{"start":{"line":7,"column":20},"end":{"line":7,"column":43}},"2":{"start":{"line":9,"column":21},"end":{"line":9,"column":58}},"3":{"start":{"line":11,"column":14},"end":{"line":11,"column":31}},"4":{"start":{"line":13,"column":15},"end":{"line":13,"column":46}},"5":{"start":{"line":15,"column":39},"end":{"line":15,"column":93}},"6":{"start":{"line":17,"column":33},"end":{"line":17,"column":456}},"7":{"start":{"line":17,"column":64},"end":{"line":17,"column":89}},"8":{"start":{"line":17,"column":91},"end":{"line":17,"column":453}},"9":{"start":{"line":17,"column":165},"end":{"line":17,"column":263}},"10":{"start":{"line":17,"column":182},"end":{"line":17,"column":195}},"11":{"start":{"line":17,"column":209},"end":{"line":17,"column":219}},"12":{"start":{"line":17,"column":239},"end":{"line":17,"column":253}},"13":{"start":{"line":17,"column":254},"end":{"line":17,"column":261}},"14":{"start":{"line":17,"column":264},"end":{"line":17,"column":426}},"15":{"start":{"line":17,"column":281},"end":{"line":17,"column":296}},"16":{"start":{"line":17,"column":306},"end":{"line":17,"column":424}},"17":{"start":{"line":17,"column":360},"end":{"line":17,"column":380}},"18":{"start":{"line":17,"column":401},"end":{"line":17,"column":420}},"19":{"start":{"line":17,"column":429},"end":{"line":17,"column":449}},"20":{"start":{"line":19,"column":0},"end":{"line":19,"column":26}},"21":{"start":{"line":21,"column":0},"end":{"line":101,"column":2}},"22":{"start":{"line":22,"column":13},"end":{"line":22,"column":85}},"23":{"start":{"line":24,"column":2},"end":{"line":100,"column":6}},"24":{"start":{"line":25,"column":15},"end":{"line":95,"column":7}},"25":{"start":{"line":27,"column":6},"end":{"line":94,"column":40}},"26":{"start":{"line":28,"column":8},"end":{"line":93,"column":9}},"27":{"start":{"line":29,"column":10},"end":{"line":92,"column":11}},"28":{"start":{"line":31,"column":14},"end":{"line":31,"column":56}},"29":{"start":{"line":32,"column":14},"end":{"line":32,"column":32}},"30":{"start":{"line":34,"column":14},"end":{"line":37,"column":15}},"31":{"start":{"line":35,"column":16},"end":{"line":35,"column":34}},"32":{"start":{"line":36,"column":16},"end":{"line":36,"column":22}},"33":{"start":{"line":39,"column":14},"end":{"line":41,"column":18}},"34":{"start":{"line":44,"column":14},"end":{"line":44,"column":32}},"35":{"start":{"line":45,"column":14},"end":{"line":45,"column":90}},"36":{"start":{"line":48,"column":14},"end":{"line":48,"column":35}},"37":{"start":{"line":50,"column":14},"end":{"line":53,"column":15}},"38":{"start":{"line":51,"column":16},"end":{"line":51,"column":34}},"39":{"start":{"line":52,"column":16},"end":{"line":52,"column":22}},"40":{"start":{"line":55,"column":14},"end":{"line":57,"column":18}},"41":{"start":{"line":60,"column":14},"end":{"line":60,"column":30}},"42":{"start":{"line":61,"column":14},"end":{"line":61,"column":32}},"43":{"start":{"line":63,"column":14},"end":{"line":66,"column":15}},"44":{"start":{"line":64,"column":16},"end":{"line":64,"column":35}},"45":{"start":{"line":65,"column":16},"end":{"line":65,"column":22}},"46":{"start":{"line":68,"column":14},"end":{"line":71,"column":15}},"47":{"start":{"line":69,"column":16},"end":{"line":69,"column":35}},"48":{"start":{"line":70,"column":16},"end":{"line":70,"column":22}},"49":{"start":{"line":73,"column":14},"end":{"line":75,"column":18}},"50":{"start":{"line":78,"column":14},"end":{"line":78,"column":33}},"51":{"start":{"line":79,"column":14},"end":{"line":79,"column":20}},"52":{"start":{"line":82,"column":14},"end":{"line":82,"column":33}},"53":{"start":{"line":83,"column":14},"end":{"line":83,"column":49}},"54":{"start":{"line":84,"column":14},"end":{"line":84,"column":99}},"55":{"start":{"line":87,"column":14},"end":{"line":87,"column":21}},"56":{"start":{"line":91,"column":14},"end":{"line":91,"column":37}},"57":{"start":{"line":97,"column":4},"end":{"line":99,"column":6}},"58":{"start":{"line":98,"column":6},"end":{"line":98,"column":41}}},"fnMap":{"0":{"name":"_interopRequireDefault","decl":{"start":{"line":15,"column":9},"end":{"line":15,"column":31}},"loc":{"start":{"line":15,"column":37},"end":{"line":15,"column":95}},"line":15},"1":{"name":"_asyncToGenerator","decl":{"start":{"line":17,"column":9},"end":{"line":17,"column":26}},"loc":{"start":{"line":17,"column":31},"end":{"line":17,"column":458}},"line":17},"2":{"name":"(anonymous_2)","decl":{"start":{"line":17,"column":40},"end":{"line":17,"column":41}},"loc":{"start":{"line":17,"column":52},"end":{"line":17,"column":455}},"line":17},"3":{"name":"(anonymous_3)","decl":{"start":{"line":17,"column":110},"end":{"line":17,"column":111}},"loc":{"start":{"line":17,"column":137},"end":{"line":17,"column":451}},"line":17},"4":{"name":"step","decl":{"start":{"line":17,"column":148},"end":{"line":17,"column":152}},"loc":{"start":{"line":17,"column":163},"end":{"line":17,"column":428}},"line":17},"5":{"name":"(anonymous_5)","decl":{"start":{"line":17,"column":341},"end":{"line":17,"column":342}},"loc":{"start":{"line":17,"column":358},"end":{"line":17,"column":382}},"line":17},"6":{"name":"(anonymous_6)","decl":{"start":{"line":17,"column":384},"end":{"line":17,"column":385}},"loc":{"start":{"line":17,"column":399},"end":{"line":17,"column":422}},"line":17},"7":{"name":"(anonymous_7)","decl":{"start":{"line":21,"column":18},"end":{"line":21,"column":19}},"loc":{"start":{"line":21,"column":30},"end":{"line":101,"column":1}},"line":21},"8":{"name":"(anonymous_8)","decl":{"start":{"line":24,"column":9},"end":{"line":24,"column":10}},"loc":{"start":{"line":24,"column":21},"end":{"line":100,"column":3}},"line":24},"9":{"name":"_callee","decl":{"start":{"line":25,"column":80},"end":{"line":25,"column":87}},"loc":{"start":{"line":25,"column":104},"end":{"line":95,"column":5}},"line":25},"10":{"name":"_callee$","decl":{"start":{"line":27,"column":46},"end":{"line":27,"column":54}},"loc":{"start":{"line":27,"column":65},"end":{"line":94,"column":7}},"line":27},"11":{"name":"(anonymous_11)","decl":{"start":{"line":97,"column":11},"end":{"line":97,"column":12}},"loc":{"start":{"line":97,"column":36},"end":{"line":99,"column":5}},"line":97}},"branchMap":{"0":{"loc":{"start":{"line":15,"column":46},"end":{"line":15,"column":92}},"type":"cond-expr","locations":[{"start":{"line":15,"column":70},"end":{"line":15,"column":73}},{"start":{"line":15,"column":76},"end":{"line":15,"column":92}}],"line":15},"1":{"loc":{"start":{"line":15,"column":46},"end":{"line":15,"column":67}},"type":"binary-expr","locations":[{"start":{"line":15,"column":46},"end":{"line":15,"column":49}},{"start":{"line":15,"column":53},"end":{"line":15,"column":67}}],"line":15},"2":{"loc":{"start":{"line":17,"column":264},"end":{"line":17,"column":426}},"type":"if","locations":[{"start":{"line":17,"column":264},"end":{"line":17,"column":426}},{"start":{"line":17,"column":264},"end":{"line":17,"column":426}}],"line":17},"3":{"loc":{"start":{"line":22,"column":13},"end":{"line":22,"column":85}},"type":"cond-expr","locations":[{"start":{"line":22,"column":66},"end":{"line":22,"column":78}},{"start":{"line":22,"column":81},"end":{"line":22,"column":85}}],"line":22},"4":{"loc":{"start":{"line":22,"column":13},"end":{"line":22,"column":63}},"type":"binary-expr","locations":[{"start":{"line":22,"column":13},"end":{"line":22,"column":33}},{"start":{"line":22,"column":37},"end":{"line":22,"column":63}}],"line":22},"5":{"loc":{"start":{"line":29,"column":10},"end":{"line":92,"column":11}},"type":"switch","locations":[{"start":{"line":30,"column":12},"end":{"line":41,"column":18}},{"start":{"line":43,"column":12},"end":{"line":45,"column":90}},{"start":{"line":47,"column":12},"end":{"line":57,"column":18}},{"start":{"line":59,"column":12},"end":{"line":75,"column":18}},{"start":{"line":77,"column":12},"end":{"line":79,"column":20}},{"start":{"line":81,"column":12},"end":{"line":84,"column":99}},{"start":{"line":86,"column":12},"end":{"line":87,"column":21}},{"start":{"line":89,"column":12},"end":{"line":89,"column":20}},{"start":{"line":90,"column":12},"end":{"line":91,"column":37}}],"line":29},"6":{"loc":{"start":{"line":34,"column":14},"end":{"line":37,"column":15}},"type":"if","locations":[{"start":{"line":34,"column":14},"end":{"line":37,"column":15}},{"start":{"line":34,"column":14},"end":{"line":37,"column":15}}],"line":34},"7":{"loc":{"start":{"line":50,"column":14},"end":{"line":53,"column":15}},"type":"if","locations":[{"start":{"line":50,"column":14},"end":{"line":53,"column":15}},{"start":{"line":50,"column":14},"end":{"line":53,"column":15}}],"line":50},"8":{"loc":{"start":{"line":63,"column":14},"end":{"line":66,"column":15}},"type":"if","locations":[{"start":{"line":63,"column":14},"end":{"line":66,"column":15}},{"start":{"line":63,"column":14},"end":{"line":66,"column":15}}],"line":63},"9":{"loc":{"start":{"line":68,"column":14},"end":{"line":71,"column":15}},"type":"if","locations":[{"start":{"line":68,"column":14},"end":{"line":71,"column":15}},{"start":{"line":68,"column":14},"end":{"line":71,"column":15}}],"line":68}},"s":{"0":1,"1":1,"2":1,"3":1,"4":1,"5":2,"6":7,"7":0,"8":0,"9":0,"10":0,"11":0,"12":0,"13":0,"14":0,"15":0,"16":0,"17":0,"18":0,"19":0,"20":1,"21":1,"22":7,"23":7,"24":7,"25":0,"26":0,"27":0,"28":0,"29":0,"30":0,"31":0,"32":0,"33":0,"34":0,"35":0,"36":0,"37":0,"38":0,"39":0,"40":0,"41":0,"42":0,"43":0,"44":0,"45":0,"46":0,"47":0,"48":0,"49":0,"50":0,"51":0,"52":0,"53":0,"54":0,"55":0,"56":0,"57":7,"58":0},"f":{"0":2,"1":7,"2":0,"3":0,"4":0,"5":0,"6":0,"7":7,"8":7,"9":0,"10":0,"11":0},"b":{"0":[0,2],"1":[2,2],"2":[0,0],"3":[5,2],"4":[7,5],"5":[0,0,0,0,0,0,0,0,0],"6":[0,0],"7":[0,0],"8":[0,0],"9":[0,0]},"_coverageSchema":"43e27e138ebf9cfc5966b082cf9a028302ed4184","hash":"b866ad8f9ab2dc77b095068ca8584c9fa50e2ea7","contentHash":"55bf7dcdb5e136138abb36fa0240292a"},"C:\\Users\\Gisele Iradu\\Desktop\\sendIT\\server\\controllers\\parcels.js":{"path":"C:\\Users\\Gisele Iradu\\Desktop\\sendIT\\server\\controllers\\parcels.js","statementMap":{"0":{"start":{"line":3,"column":0},"end":{"line":5,"column":3}},"1":{"start":{"line":7,"column":19},"end":{"line":7,"column":563}},"2":{"start":{"line":7,"column":76},"end":{"line":7,"column":347}},"3":{"start":{"line":7,"column":134},"end":{"line":7,"column":142}},"4":{"start":{"line":7,"column":144},"end":{"line":7,"column":199}},"5":{"start":{"line":7,"column":200},"end":{"line":7,"column":231}},"6":{"start":{"line":7,"column":232},"end":{"line":7,"column":286}},"7":{"start":{"line":7,"column":259},"end":{"line":7,"column":286}},"8":{"start":{"line":7,"column":287},"end":{"line":7,"column":345}},"9":{"start":{"line":7,"column":350},"end":{"line":7,"column":559}},"10":{"start":{"line":7,"column":407},"end":{"line":7,"column":475}},"11":{"start":{"line":7,"column":423},"end":{"line":7,"column":475}},"12":{"start":{"line":7,"column":476},"end":{"line":7,"column":536}},"13":{"start":{"line":7,"column":493},"end":{"line":7,"column":536}},"14":{"start":{"line":7,"column":537},"end":{"line":7,"column":556}},"15":{"start":{"line":9,"column":10},"end":{"line":9,"column":29}},"16":{"start":{"line":11,"column":11},"end":{"line":11,"column":38}},"17":{"start":{"line":13,"column":39},"end":{"line":13,"column":93}},"18":{"start":{"line":15,"column":33},"end":{"line":15,"column":456}},"19":{"start":{"line":15,"column":64},"end":{"line":15,"column":89}},"20":{"start":{"line":15,"column":91},"end":{"line":15,"column":453}},"21":{"start":{"line":15,"column":165},"end":{"line":15,"column":263}},"22":{"start":{"line":15,"column":182},"end":{"line":15,"column":195}},"23":{"start":{"line":15,"column":209},"end":{"line":15,"column":219}},"24":{"start":{"line":15,"column":239},"end":{"line":15,"column":253}},"25":{"start":{"line":15,"column":254},"end":{"line":15,"column":261}},"26":{"start":{"line":15,"column":264},"end":{"line":15,"column":426}},"27":{"start":{"line":15,"column":281},"end":{"line":15,"column":296}},"28":{"start":{"line":15,"column":306},"end":{"line":15,"column":424}},"29":{"start":{"line":15,"column":360},"end":{"line":15,"column":380}},"30":{"start":{"line":15,"column":401},"end":{"line":15,"column":420}},"31":{"start":{"line":15,"column":429},"end":{"line":15,"column":449}},"32":{"start":{"line":17,"column":50},"end":{"line":17,"column":151}},"33":{"start":{"line":17,"column":92},"end":{"line":17,"column":149}},"34":{"start":{"line":19,"column":13},"end":{"line":296,"column":3}},"35":{"start":{"line":21,"column":4},"end":{"line":21,"column":34}},"36":{"start":{"line":24,"column":2},"end":{"line":293,"column":6}},"37":{"start":{"line":27,"column":17},"end":{"line":62,"column":9}},"38":{"start":{"line":30,"column":8},"end":{"line":61,"column":26}},"39":{"start":{"line":31,"column":10},"end":{"line":60,"column":11}},"40":{"start":{"line":32,"column":12},"end":{"line":59,"column":13}},"41":{"start":{"line":34,"column":16},"end":{"line":34,"column":34}},"42":{"start":{"line":35,"column":16},"end":{"line":35,"column":67}},"43":{"start":{"line":38,"column":16},"end":{"line":38,"column":38}},"44":{"start":{"line":39,"column":16},"end":{"line":39,"column":34}},"45":{"start":{"line":41,"column":16},"end":{"line":44,"column":17}},"46":{"start":{"line":42,"column":18},"end":{"line":42,"column":36}},"47":{"start":{"line":43,"column":18},"end":{"line":43,"column":24}},"48":{"start":{"line":46,"column":16},"end":{"line":49,"column":20}},"49":{"start":{"line":52,"column":16},"end":{"line":54,"column":20}},"50":{"start":{"line":58,"column":16},"end":{"line":58,"column":39}},"51":{"start":{"line":65,"column":8},"end":{"line":65,"column":43}},"52":{"start":{"line":68,"column":6},"end":{"line":68,"column":20}},"53":{"start":{"line":73,"column":18},"end":{"line":108,"column":9}},"54":{"start":{"line":76,"column":8},"end":{"line":107,"column":27}},"55":{"start":{"line":77,"column":10},"end":{"line":106,"column":11}},"56":{"start":{"line":78,"column":12},"end":{"line":105,"column":13}},"57":{"start":{"line":80,"column":16},"end":{"line":80,"column":35}},"58":{"start":{"line":81,"column":16},"end":{"line":81,"column":102}},"59":{"start":{"line":84,"column":16},"end":{"line":84,"column":39}},"60":{"start":{"line":85,"column":16},"end":{"line":85,"column":34}},"61":{"start":{"line":87,"column":16},"end":{"line":90,"column":17}},"62":{"start":{"line":88,"column":18},"end":{"line":88,"column":37}},"63":{"start":{"line":89,"column":18},"end":{"line":89,"column":24}},"64":{"start":{"line":92,"column":16},"end":{"line":95,"column":20}},"65":{"start":{"line":98,"column":16},"end":{"line":100,"column":20}},"66":{"start":{"line":104,"column":16},"end":{"line":104,"column":40}},"67":{"start":{"line":111,"column":8},"end":{"line":111,"column":44}},"68":{"start":{"line":114,"column":6},"end":{"line":114,"column":21}},"69":{"start":{"line":119,"column":18},"end":{"line":218,"column":9}},"70":{"start":{"line":122,"column":8},"end":{"line":217,"column":27}},"71":{"start":{"line":123,"column":10},"end":{"line":216,"column":11}},"72":{"start":{"line":124,"column":12},"end":{"line":215,"column":13}},"73":{"start":{"line":126,"column":16},"end":{"line":126,"column":35}},"74":{"start":{"line":127,"column":16},"end":{"line":127,"column":102}},"75":{"start":{"line":130,"column":16},"end":{"line":130,"column":39}},"76":{"start":{"line":131,"column":16},"end":{"line":131,"column":34}},"77":{"start":{"line":133,"column":16},"end":{"line":136,"column":17}},"78":{"start":{"line":134,"column":18},"end":{"line":134,"column":37}},"79":{"start":{"line":135,"column":18},"end":{"line":135,"column":24}},"80":{"start":{"line":138,"column":16},"end":{"line":140,"column":20}},"81":{"start":{"line":143,"column":16},"end":{"line":143,"column":32}},"82":{"start":{"line":145,"column":16},"end":{"line":148,"column":17}},"83":{"start":{"line":146,"column":18},"end":{"line":146,"column":38}},"84":{"start":{"line":147,"column":18},"end":{"line":147,"column":24}},"85":{"start":{"line":150,"column":16},"end":{"line":150,"column":36}},"86":{"start":{"line":151,"column":16},"end":{"line":151,"column":36}},"87":{"start":{"line":152,"column":16},"end":{"line":152,"column":22}},"88":{"start":{"line":155,"column":16},"end":{"line":158,"column":17}},"89":{"start":{"line":156,"column":18},"end":{"line":156,"column":38}},"90":{"start":{"line":157,"column":18},"end":{"line":157,"column":24}},"91":{"start":{"line":160,"column":16},"end":{"line":160,"column":41}},"92":{"start":{"line":161,"column":16},"end":{"line":161,"column":36}},"93":{"start":{"line":162,"column":16},"end":{"line":162,"column":22}},"94":{"start":{"line":165,"column":16},"end":{"line":168,"column":17}},"95":{"start":{"line":166,"column":18},"end":{"line":166,"column":38}},"96":{"start":{"line":167,"column":18},"end":{"line":167,"column":24}},"97":{"start":{"line":170,"column":16},"end":{"line":170,"column":38}},"98":{"start":{"line":171,"column":16},"end":{"line":171,"column":36}},"99":{"start":{"line":172,"column":16},"end":{"line":172,"column":22}},"100":{"start":{"line":175,"column":16},"end":{"line":177,"column":20}},"101":{"start":{"line":180,"column":16},"end":{"line":180,"column":45}},"102":{"start":{"line":183,"column":16},"end":{"line":183,"column":36}},"103":{"start":{"line":184,"column":16},"end":{"line":184,"column":139}},"104":{"start":{"line":187,"column":16},"end":{"line":187,"column":39}},"105":{"start":{"line":188,"column":16},"end":{"line":188,"column":42}},"106":{"start":{"line":189,"column":16},"end":{"line":189,"column":36}},"107":{"start":{"line":190,"column":16},"end":{"line":190,"column":102}},"108":{"start":{"line":193,"column":16},"end":{"line":193,"column":39}},"109":{"start":{"line":194,"column":16},"end":{"line":194,"column":35}},"110":{"start":{"line":196,"column":16},"end":{"line":199,"column":17}},"111":{"start":{"line":197,"column":18},"end":{"line":197,"column":38}},"112":{"start":{"line":198,"column":18},"end":{"line":198,"column":24}},"113":{"start":{"line":201,"column":16},"end":{"line":201,"column":33}},"114":{"start":{"line":202,"column":16},"end":{"line":205,"column":20}},"115":{"start":{"line":208,"column":16},"end":{"line":210,"column":20}},"116":{"start":{"line":214,"column":16},"end":{"line":214,"column":40}},"117":{"start":{"line":221,"column":8},"end":{"line":221,"column":44}},"118":{"start":{"line":224,"column":6},"end":{"line":224,"column":32}},"119":{"start":{"line":229,"column":18},"end":{"line":285,"column":9}},"120":{"start":{"line":232,"column":8},"end":{"line":284,"column":38}},"121":{"start":{"line":233,"column":10},"end":{"line":283,"column":11}},"122":{"start":{"line":234,"column":12},"end":{"line":282,"column":13}},"123":{"start":{"line":236,"column":16},"end":{"line":239,"column":17}},"124":{"start":{"line":237,"column":18},"end":{"line":237,"column":38}},"125":{"start":{"line":238,"column":18},"end":{"line":238,"column":24}},"126":{"start":{"line":241,"column":16},"end":{"line":241,"column":173}},"127":{"start":{"line":243,"column":16},"end":{"line":243,"column":38}},"128":{"start":{"line":244,"column":16},"end":{"line":244,"column":150}},"129":{"start":{"line":245,"column":16},"end":{"line":245,"column":35}},"130":{"start":{"line":246,"column":16},"end":{"line":246,"column":35}},"131":{"start":{"line":247,"column":16},"end":{"line":247,"column":55}},"132":{"start":{"line":250,"column":16},"end":{"line":250,"column":40}},"133":{"start":{"line":251,"column":16},"end":{"line":251,"column":35}},"134":{"start":{"line":253,"column":16},"end":{"line":256,"column":17}},"135":{"start":{"line":254,"column":18},"end":{"line":254,"column":38}},"136":{"start":{"line":255,"column":18},"end":{"line":255,"column":24}},"137":{"start":{"line":258,"column":16},"end":{"line":258,"column":96}},"138":{"start":{"line":261,"column":16},"end":{"line":261,"column":101}},"139":{"start":{"line":264,"column":16},"end":{"line":264,"column":36}},"140":{"start":{"line":265,"column":16},"end":{"line":265,"column":22}},"141":{"start":{"line":268,"column":16},"end":{"line":268,"column":36}},"142":{"start":{"line":269,"column":16},"end":{"line":269,"column":53}},"143":{"start":{"line":270,"column":16},"end":{"line":270,"column":114}},"144":{"start":{"line":273,"column":16},"end":{"line":273,"column":36}},"145":{"start":{"line":274,"column":16},"end":{"line":274,"column":22}},"146":{"start":{"line":277,"column":16},"end":{"line":277,"column":126}},"147":{"start":{"line":281,"column":16},"end":{"line":281,"column":40}},"148":{"start":{"line":288,"column":8},"end":{"line":288,"column":44}},"149":{"start":{"line":291,"column":6},"end":{"line":291,"column":26}},"150":{"start":{"line":295,"column":2},"end":{"line":295,"column":16}},"151":{"start":{"line":298,"column":0},"end":{"line":298,"column":25}}},"fnMap":{"0":{"name":"(anonymous_0)","decl":{"start":{"line":7,"column":19},"end":{"line":7,"column":20}},"loc":{"start":{"line":7,"column":31},"end":{"line":7,"column":561}},"line":7},"1":{"name":"defineProperties","decl":{"start":{"line":7,"column":42},"end":{"line":7,"column":58}},"loc":{"start":{"line":7,"column":74},"end":{"line":7,"column":349}},"line":7},"2":{"name":"(anonymous_2)","decl":{"start":{"line":7,"column":357},"end":{"line":7,"column":358}},"loc":{"start":{"line":7,"column":405},"end":{"line":7,"column":558}},"line":7},"3":{"name":"_interopRequireDefault","decl":{"start":{"line":13,"column":9},"end":{"line":13,"column":31}},"loc":{"start":{"line":13,"column":37},"end":{"line":13,"column":95}},"line":13},"4":{"name":"_asyncToGenerator","decl":{"start":{"line":15,"column":9},"end":{"line":15,"column":26}},"loc":{"start":{"line":15,"column":31},"end":{"line":15,"column":458}},"line":15},"5":{"name":"(anonymous_5)","decl":{"start":{"line":15,"column":40},"end":{"line":15,"column":41}},"loc":{"start":{"line":15,"column":52},"end":{"line":15,"column":455}},"line":15},"6":{"name":"(anonymous_6)","decl":{"start":{"line":15,"column":110},"end":{"line":15,"column":111}},"loc":{"start":{"line":15,"column":137},"end":{"line":15,"column":451}},"line":15},"7":{"name":"step","decl":{"start":{"line":15,"column":148},"end":{"line":15,"column":152}},"loc":{"start":{"line":15,"column":163},"end":{"line":15,"column":428}},"line":15},"8":{"name":"(anonymous_8)","decl":{"start":{"line":15,"column":341},"end":{"line":15,"column":342}},"loc":{"start":{"line":15,"column":358},"end":{"line":15,"column":382}},"line":15},"9":{"name":"(anonymous_9)","decl":{"start":{"line":15,"column":384},"end":{"line":15,"column":385}},"loc":{"start":{"line":15,"column":399},"end":{"line":15,"column":422}},"line":15},"10":{"name":"_classCallCheck","decl":{"start":{"line":17,"column":9},"end":{"line":17,"column":24}},"loc":{"start":{"line":17,"column":48},"end":{"line":17,"column":153}},"line":17},"11":{"name":"(anonymous_11)","decl":{"start":{"line":19,"column":13},"end":{"line":19,"column":14}},"loc":{"start":{"line":19,"column":25},"end":{"line":296,"column":1}},"line":19},"12":{"name":"Parcel","decl":{"start":{"line":20,"column":11},"end":{"line":20,"column":17}},"loc":{"start":{"line":20,"column":20},"end":{"line":22,"column":3}},"line":20},"13":{"name":"(anonymous_13)","decl":{"start":{"line":26,"column":11},"end":{"line":26,"column":12}},"loc":{"start":{"line":26,"column":23},"end":{"line":69,"column":5}},"line":26},"14":{"name":"_callee","decl":{"start":{"line":27,"column":82},"end":{"line":27,"column":89}},"loc":{"start":{"line":27,"column":100},"end":{"line":62,"column":7}},"line":27},"15":{"name":"_callee$","decl":{"start":{"line":30,"column":48},"end":{"line":30,"column":56}},"loc":{"start":{"line":30,"column":67},"end":{"line":61,"column":9}},"line":30},"16":{"name":"getAll","decl":{"start":{"line":64,"column":15},"end":{"line":64,"column":21}},"loc":{"start":{"line":64,"column":31},"end":{"line":66,"column":7}},"line":64},"17":{"name":"(anonymous_17)","decl":{"start":{"line":72,"column":11},"end":{"line":72,"column":12}},"loc":{"start":{"line":72,"column":23},"end":{"line":115,"column":5}},"line":72},"18":{"name":"_callee2","decl":{"start":{"line":73,"column":83},"end":{"line":73,"column":91}},"loc":{"start":{"line":73,"column":102},"end":{"line":108,"column":7}},"line":73},"19":{"name":"_callee2$","decl":{"start":{"line":76,"column":48},"end":{"line":76,"column":57}},"loc":{"start":{"line":76,"column":69},"end":{"line":107,"column":9}},"line":76},"20":{"name":"getById","decl":{"start":{"line":110,"column":15},"end":{"line":110,"column":22}},"loc":{"start":{"line":110,"column":33},"end":{"line":112,"column":7}},"line":110},"21":{"name":"(anonymous_21)","decl":{"start":{"line":118,"column":11},"end":{"line":118,"column":12}},"loc":{"start":{"line":118,"column":23},"end":{"line":225,"column":5}},"line":118},"22":{"name":"_callee3","decl":{"start":{"line":119,"column":83},"end":{"line":119,"column":91}},"loc":{"start":{"line":119,"column":102},"end":{"line":218,"column":7}},"line":119},"23":{"name":"_callee3$","decl":{"start":{"line":122,"column":48},"end":{"line":122,"column":57}},"loc":{"start":{"line":122,"column":69},"end":{"line":217,"column":9}},"line":122},"24":{"name":"updatePropertyById","decl":{"start":{"line":220,"column":15},"end":{"line":220,"column":33}},"loc":{"start":{"line":220,"column":44},"end":{"line":222,"column":7}},"line":220},"25":{"name":"(anonymous_25)","decl":{"start":{"line":228,"column":11},"end":{"line":228,"column":12}},"loc":{"start":{"line":228,"column":23},"end":{"line":292,"column":5}},"line":228},"26":{"name":"_callee4","decl":{"start":{"line":229,"column":83},"end":{"line":229,"column":91}},"loc":{"start":{"line":229,"column":102},"end":{"line":285,"column":7}},"line":229},"27":{"name":"_callee4$","decl":{"start":{"line":232,"column":48},"end":{"line":232,"column":57}},"loc":{"start":{"line":232,"column":69},"end":{"line":284,"column":9}},"line":232},"28":{"name":"createParcel","decl":{"start":{"line":287,"column":15},"end":{"line":287,"column":27}},"loc":{"start":{"line":287,"column":38},"end":{"line":289,"column":7}},"line":287}},"branchMap":{"0":{"loc":{"start":{"line":7,"column":168},"end":{"line":7,"column":198}},"type":"binary-expr","locations":[{"start":{"line":7,"column":168},"end":{"line":7,"column":189}},{"start":{"line":7,"column":193},"end":{"line":7,"column":198}}],"line":7},"1":{"loc":{"start":{"line":7,"column":232},"end":{"line":7,"column":286}},"type":"if","locations":[{"start":{"line":7,"column":232},"end":{"line":7,"column":286}},{"start":{"line":7,"column":232},"end":{"line":7,"column":286}}],"line":7},"2":{"loc":{"start":{"line":7,"column":407},"end":{"line":7,"column":475}},"type":"if","locations":[{"start":{"line":7,"column":407},"end":{"line":7,"column":475}},{"start":{"line":7,"column":407},"end":{"line":7,"column":475}}],"line":7},"3":{"loc":{"start":{"line":7,"column":476},"end":{"line":7,"column":536}},"type":"if","locations":[{"start":{"line":7,"column":476},"end":{"line":7,"column":536}},{"start":{"line":7,"column":476},"end":{"line":7,"column":536}}],"line":7},"4":{"loc":{"start":{"line":13,"column":46},"end":{"line":13,"column":92}},"type":"cond-expr","locations":[{"start":{"line":13,"column":70},"end":{"line":13,"column":73}},{"start":{"line":13,"column":76},"end":{"line":13,"column":92}}],"line":13},"5":{"loc":{"start":{"line":13,"column":46},"end":{"line":13,"column":67}},"type":"binary-expr","locations":[{"start":{"line":13,"column":46},"end":{"line":13,"column":49}},{"start":{"line":13,"column":53},"end":{"line":13,"column":67}}],"line":13},"6":{"loc":{"start":{"line":15,"column":264},"end":{"line":15,"column":426}},"type":"if","locations":[{"start":{"line":15,"column":264},"end":{"line":15,"column":426}},{"start":{"line":15,"column":264},"end":{"line":15,"column":426}}],"line":15},"7":{"loc":{"start":{"line":17,"column":50},"end":{"line":17,"column":151}},"type":"if","locations":[{"start":{"line":17,"column":50},"end":{"line":17,"column":151}},{"start":{"line":17,"column":50},"end":{"line":17,"column":151}}],"line":17},"8":{"loc":{"start":{"line":32,"column":12},"end":{"line":59,"column":13}},"type":"switch","locations":[{"start":{"line":33,"column":14},"end":{"line":35,"column":67}},{"start":{"line":37,"column":14},"end":{"line":49,"column":20}},{"start":{"line":51,"column":14},"end":{"line":54,"column":20}},{"start":{"line":56,"column":14},"end":{"line":56,"column":21}},{"start":{"line":57,"column":14},"end":{"line":58,"column":39}}],"line":32},"9":{"loc":{"start":{"line":41,"column":16},"end":{"line":44,"column":17}},"type":"if","locations":[{"start":{"line":41,"column":16},"end":{"line":44,"column":17}},{"start":{"line":41,"column":16},"end":{"line":44,"column":17}}],"line":41},"10":{"loc":{"start":{"line":78,"column":12},"end":{"line":105,"column":13}},"type":"switch","locations":[{"start":{"line":79,"column":14},"end":{"line":81,"column":102}},{"start":{"line":83,"column":14},"end":{"line":95,"column":20}},{"start":{"line":97,"column":14},"end":{"line":100,"column":20}},{"start":{"line":102,"column":14},"end":{"line":102,"column":21}},{"start":{"line":103,"column":14},"end":{"line":104,"column":40}}],"line":78},"11":{"loc":{"start":{"line":87,"column":16},"end":{"line":90,"column":17}},"type":"if","locations":[{"start":{"line":87,"column":16},"end":{"line":90,"column":17}},{"start":{"line":87,"column":16},"end":{"line":90,"column":17}}],"line":87},"12":{"loc":{"start":{"line":124,"column":12},"end":{"line":215,"column":13}},"type":"switch","locations":[{"start":{"line":125,"column":14},"end":{"line":127,"column":102}},{"start":{"line":129,"column":14},"end":{"line":140,"column":20}},{"start":{"line":142,"column":14},"end":{"line":152,"column":22}},{"start":{"line":154,"column":14},"end":{"line":162,"column":22}},{"start":{"line":164,"column":14},"end":{"line":172,"column":22}},{"start":{"line":174,"column":14},"end":{"line":177,"column":20}},{"start":{"line":179,"column":14},"end":{"line":184,"column":139}},{"start":{"line":186,"column":14},"end":{"line":190,"column":102}},{"start":{"line":192,"column":14},"end":{"line":205,"column":20}},{"start":{"line":207,"column":14},"end":{"line":210,"column":20}},{"start":{"line":212,"column":14},"end":{"line":212,"column":22}},{"start":{"line":213,"column":14},"end":{"line":214,"column":40}}],"line":124},"13":{"loc":{"start":{"line":133,"column":16},"end":{"line":136,"column":17}},"type":"if","locations":[{"start":{"line":133,"column":16},"end":{"line":136,"column":17}},{"start":{"line":133,"column":16},"end":{"line":136,"column":17}}],"line":133},"14":{"loc":{"start":{"line":145,"column":16},"end":{"line":148,"column":17}},"type":"if","locations":[{"start":{"line":145,"column":16},"end":{"line":148,"column":17}},{"start":{"line":145,"column":16},"end":{"line":148,"column":17}}],"line":145},"15":{"loc":{"start":{"line":145,"column":22},"end":{"line":145,"column":69}},"type":"binary-expr","locations":[{"start":{"line":145,"column":22},"end":{"line":145,"column":37}},{"start":{"line":145,"column":41},"end":{"line":145,"column":69}}],"line":145},"16":{"loc":{"start":{"line":155,"column":16},"end":{"line":158,"column":17}},"type":"if","locations":[{"start":{"line":155,"column":16},"end":{"line":158,"column":17}},{"start":{"line":155,"column":16},"end":{"line":158,"column":17}}],"line":155},"17":{"loc":{"start":{"line":155,"column":22},"end":{"line":155,"column":79}},"type":"binary-expr","locations":[{"start":{"line":155,"column":22},"end":{"line":155,"column":42}},{"start":{"line":155,"column":46},"end":{"line":155,"column":79}}],"line":155},"18":{"loc":{"start":{"line":165,"column":16},"end":{"line":168,"column":17}},"type":"if","locations":[{"start":{"line":165,"column":16},"end":{"line":168,"column":17}},{"start":{"line":165,"column":16},"end":{"line":168,"column":17}}],"line":165},"19":{"loc":{"start":{"line":165,"column":22},"end":{"line":165,"column":80}},"type":"binary-expr","locations":[{"start":{"line":165,"column":22},"end":{"line":165,"column":39}},{"start":{"line":165,"column":43},"end":{"line":165,"column":80}}],"line":165},"20":{"loc":{"start":{"line":196,"column":16},"end":{"line":199,"column":17}},"type":"if","locations":[{"start":{"line":196,"column":16},"end":{"line":199,"column":17}},{"start":{"line":196,"column":16},"end":{"line":199,"column":17}}],"line":196},"21":{"loc":{"start":{"line":234,"column":12},"end":{"line":282,"column":13}},"type":"switch","locations":[{"start":{"line":235,"column":14},"end":{"line":247,"column":55}},{"start":{"line":249,"column":14},"end":{"line":258,"column":96}},{"start":{"line":260,"column":14},"end":{"line":261,"column":101}},{"start":{"line":263,"column":14},"end":{"line":265,"column":22}},{"start":{"line":267,"column":14},"end":{"line":270,"column":114}},{"start":{"line":272,"column":14},"end":{"line":274,"column":22}},{"start":{"line":276,"column":14},"end":{"line":277,"column":126
[...]
"141":{"start":{"line":279,"column":16},"end":{"line":279,"column":22}},"142":{"start":{"line":282,"column":16},"end":{"line":282,"column":36}},"143":{"start":{"line":283,"column":16},"end":{"line":283,"column":53}},"144":{"start":{"line":286,"column":16},"end":{"line":286,"column":36}},"145":{"start":{"line":287,"column":16},"end":{"line":287,"column":22}},"146":{"start":{"line":290,"column":16},"end":{"line":290,"column":126}},"147":{"start":{"line":294,"column":16},"end":{"line":294,"column":40}},"148":{"start":{"line":301,"column":8},"end":{"line":301,"column":44}},"149":{"start":{"line":304,"column":6},"end":{"line":304,"column":20}},"150":{"start":{"line":308,"column":2},"end":{"line":308,"column":14}},"151":{"start":{"line":311,"column":0},"end":{"line":311,"column":23}}},"fnMap":{"0":{"name":"(anonymous_0)","decl":{"start":{"line":7,"column":19},"end":{"line":7,"column":20}},"loc":{"start":{"line":7,"column":31},"end":{"line":7,"column":561}},"line":7},"1":{"name":"defineProperties","decl":{"start":{"line":7,"column":42},"end":{"line":7,"column":58}},"loc":{"start":{"line":7,"column":74},"end":{"line":7,"column":349}},"line":7},"2":{"name":"(anonymous_2)","decl":{"start":{"line":7,"column":357},"end":{"line":7,"column":358}},"loc":{"start":{"line":7,"column":405},"end":{"line":7,"column":558}},"line":7},"3":{"name":"_interopRequireDefault","decl":{"start":{"line":25,"column":9},"end":{"line":25,"column":31}},"loc":{"start":{"line":25,"column":37},"end":{"line":25,"column":95}},"line":25},"4":{"name":"_asyncToGenerator","decl":{"start":{"line":27,"column":9},"end":{"line":27,"column":26}},"loc":{"start":{"line":27,"column":31},"end":{"line":27,"column":458}},"line":27},"5":{"name":"(anonymous_5)","decl":{"start":{"line":27,"column":40},"end":{"line":27,"column":41}},"loc":{"start":{"line":27,"column":52},"end":{"line":27,"column":455}},"line":27},"6":{"name":"(anonymous_6)","decl":{"start":{"line":27,"column":110},"end":{"line":27,"column":111}},"loc":{"start":{"line":27,"column":137},"end":{"line":27,"column":451}},"line":27},"7":{"name":"step","decl":{"start":{"line":27,"column":148},"end":{"line":27,"column":152}},"loc":{"start":{"line":27,"column":163},"end":{"line":27,"column":428}},"line":27},"8":{"name":"(anonymous_8)","decl":{"start":{"line":27,"column":341},"end":{"line":27,"column":342}},"loc":{"start":{"line":27,"column":358},"end":{"line":27,"column":382}},"line":27},"9":{"name":"(anonymous_9)","decl":{"start":{"line":27,"column":384},"end":{"line":27,"column":385}},"loc":{"start":{"line":27,"column":399},"end":{"line":27,"column":422}},"line":27},"10":{"name":"_classCallCheck","decl":{"start":{"line":29,"column":9},"end":{"line":29,"column":24}},"loc":{"start":{"line":29,"column":48},"end":{"line":29,"column":153}},"line":29},"11":{"name":"(anonymous_11)","decl":{"start":{"line":33,"column":11},"end":{"line":33,"column":12}},"loc":{"start":{"line":33,"column":23},"end":{"line":309,"column":1}},"line":33},"12":{"name":"User","decl":{"start":{"line":34,"column":11},"end":{"line":34,"column":15}},"loc":{"start":{"line":34,"column":18},"end":{"line":36,"column":3}},"line":34},"13":{"name":"(anonymous_13)","decl":{"start":{"line":40,"column":11},"end":{"line":40,"column":12}},"loc":{"start":{"line":40,"column":23},"end":{"line":83,"column":5}},"line":40},"14":{"name":"_callee","decl":{"start":{"line":41,"column":82},"end":{"line":41,"column":89}},"loc":{"start":{"line":41,"column":100},"end":{"line":76,"column":7}},"line":41},"15":{"name":"_callee$","decl":{"start":{"line":44,"column":48},"end":{"line":44,"column":56}},"loc":{"start":{"line":44,"column":67},"end":{"line":75,"column":9}},"line":44},"16":{"name":"getAll","decl":{"start":{"line":78,"column":15},"end":{"line":78,"column":21}},"loc":{"start":{"line":78,"column":31},"end":{"line":80,"column":7}},"line":78},"17":{"name":"(anonymous_17)","decl":{"start":{"line":86,"column":11},"end":{"line":86,"column":12}},"loc":{"start":{"line":86,"column":23},"end":{"line":141,"column":5}},"line":86},"18":{"name":"_callee2","decl":{"start":{"line":87,"column":83},"end":{"line":87,"column":91}},"loc":{"start":{"line":87,"column":102},"end":{"line":134,"column":7}},"line":87},"19":{"name":"_callee2$","decl":{"start":{"line":90,"column":48},"end":{"line":90,"column":57}},"loc":{"start":{"line":90,"column":69},"end":{"line":133,"column":9}},"line":90},"20":{"name":"getUserParcels","decl":{"start":{"line":136,"column":15},"end":{"line":136,"column":29}},"loc":{"start":{"line":136,"column":40},"end":{"line":138,"column":7}},"line":136},"21":{"name":"(anonymous_21)","decl":{"start":{"line":144,"column":11},"end":{"line":144,"column":12}},"loc":{"start":{"line":144,"column":23},"end":{"line":213,"column":5}},"line":144},"22":{"name":"_callee3","decl":{"start":{"line":145,"column":83},"end":{"line":145,"column":91}},"loc":{"start":{"line":145,"column":102},"end":{"line":206,"column":7}},"line":145},"23":{"name":"_callee3$","decl":{"start":{"line":148,"column":48},"end":{"line":148,"column":57}},"loc":{"start":{"line":148,"column":69},"end":{"line":205,"column":9}},"line":148},"24":{"name":"signUp","decl":{"start":{"line":208,"column":15},"end":{"line":208,"column":21}},"loc":{"start":{"line":208,"column":32},"end":{"line":210,"column":7}},"line":208},"25":{"name":"(anonymous_25)","decl":{"start":{"line":216,"column":11},"end":{"line":216,"column":12}},"loc":{"start":{"line":216,"column":23},"end":{"line":305,"column":5}},"line":216},"26":{"name":"_callee4","decl":{"start":{"line":217,"column":83},"end":{"line":217,"column":91}},"loc":{"start":{"line":217,"column":102},"end":{"line":298,"column":7}},"line":217},"27":{"name":"_callee4$","decl":{"start":{"line":220,"column":48},"end":{"line":220,"column":57}},"loc":{"start":{"line":220,"column":69},"end":{"line":297,"column":9}},"line":220},"28":{"name":"signIn","decl":{"start":{"line":300,"column":15},"end":{"line":300,"column":21}},"loc":{"start":{"line":300,"column":32},"end":{"line":302,"column":7}},"line":300}},"branchMap":{"0":{"loc":{"start":{"line":7,"column":168},"end":{"line":7,"column":198}},"type":"binary-expr","locations":[{"start":{"line":7,"column":168},"end":{"line":7,"column":189}},{"start":{"line":7,"column":193},"end":{"line":7,"column":198}}],"line":7},"1":{"loc":{"start":{"line":7,"column":232},"end":{"line":7,"column":286}},"type":"if","locations":[{"start":{"line":7,"column":232},"end":{"line":7,"column":286}},{"start":{"line":7,"column":232},"end":{"line":7,"column":286}}],"line":7},"2":{"loc":{"start":{"line":7,"column":407},"end":{"line":7,"column":475}},"type":"if","locations":[{"start":{"line":7,"column":407},"end":{"line":7,"column":475}},{"start":{"line":7,"column":407},"end":{"line":7,"column":475}}],"line":7},"3":{"loc":{"start":{"line":7,"column":476},"end":{"line":7,"column":536}},"type":"if","locations":[{"start":{"line":7,"column":476},"end":{"line":7,"column":536}},{"start":{"line":7,"column":476},"end":{"line":7,"column":536}}],"line":7},"4":{"loc":{"start":{"line":25,"column":46},"end":{"line":25,"column":92}},"type":"cond-expr","locations":[{"start":{"line":25,"column":70},"end":{"line":25,"column":73}},{"start":{"line":25,"column":76},"end":{"line":25,"column":92}}],"line":25},"5":{"loc":{"start":{"line":25,"column":46},"end":{"line":25,"column":67}},"type":"binary-expr","locations":[{"start":{"line":25,"column":46},"end":{"line":25,"column":49}},{"start":{"line":25,"column":53},"end":{"line":25,"column":67}}],"line":25},"6":{"loc":{"start":{"line":27,"column":264},"end":{"line":27,"column":426}},"type":"if","locations":[{"start":{"line":27,"column":264},"end":{"line":27,"column":426}},{"start":{"line":27,"column":264},"end":{"line":27,"column":426}}],"line":27},"7":{"loc":{"start":{"line":29,"column":50},"end":{"line":29,"column":151}},"type":"if","locations":[{"start":{"line":29,"column":50},"end":{"line":29,"column":151}},{"start":{"line":29,"column":50},"end":{"line":29,"column":151}}],"line":29},"8":{"loc":{"start":{"line":46,"column":12},"end":{"line":73,"column":13}},"type":"switch","locations":[{"start":{"line":47,"column":14},"end":{"line":49,"column":65}},{"start":{"line":51,"column":14},"end":{"line":63,"column":20}},{"start":{"line":65,"column":14},"end":{"line":68,"column":20}},{"start":{"line":70,"column":14},"end":{"line":70,"column":21}},{"start":{"line":71,"column":14},"end":{"line":72,"column":39}}],"line":46},"9":{"loc":{"start":{"line":55,"column":16},"end":{"line":58,"column":17}},"type":"if","locations":[{"start":{"line":55,"column":16},"end":{"line":58,"column":17}},{"start":{"line":55,"column":16},"end":{"line":58,"column":17}}],"line":55},"10":{"loc":{"start":{"line":92,"column":12},"end":{"line":131,"column":13}},"type":"switch","locations":[{"start":{"line":93,"column":14},"end":{"line":103,"column":20}},{"start":{"line":105,"column":14},"end":{"line":107,"column":91}},{"start":{"line":109,"column":14},"end":{"line":121,"column":20}},{"start":{"line":123,"column":14},"end":{"line":126,"column":20}},{"start":{"line":128,"column":14},"end":{"line":128,"column":22}},{"start":{"line":129,"column":14},"end":{"line":130,"column":40}}],"line":92},"11":{"loc":{"start":{"line":96,"column":16},"end":{"line":99,"column":17}},"type":"if","locations":[{"start":{"line":96,"column":16},"end":{"line":99,"column":17}},{"start":{"line":96,"column":16},"end":{"line":99,"column":17}}],"line":96},"12":{"loc":{"start":{"line":113,"column":16},"end":{"line":116,"column":17}},"type":"if","locations":[{"start":{"line":113,"column":16},"end":{"line":116,"column":17}},{"start":{"line":113,"column":16},"end":{"line":116,"column":17}}],"line":113},"13":{"loc":{"start":{"line":150,"column":12},"end":{"line":203,"column":13}},"type":"switch","locations":[{"start":{"line":151,"column":14},"end":{"line":161,"column":53}},{"start":{"line":163,"column":14},"end":{"line":180,"column":20}},{"start":{"line":182,"column":14},"end":{"line":184,"column":22}},{"start":{"line":186,"column":14},"end":{"line":191,"column":117}},{"start":{"line":193,"column":14},"end":{"line":195,"column":22}},{"start":{"line":197,"column":14},"end":{"line":198,"column":126}},{"start":{"line":200,"column":14},"end":{"line":200,"column":22}},{"start":{"line":201,"column":14},"end":{"line":202,"column":40}}],"line":150},"14":{"loc":{"start":{"line":152,"column":16},"end":{"line":155,"column":17}},"type":"if","locations":[{"start":{"line":152,"column":16},"end":{"line":155,"column":17}},{"start":{"line":152,"column":16},"end":{"line":155,"column":17}}],"line":152},"15":{"loc":{"start":{"line":152,"column":22},"end":{"line":152,"column":111}},"type":"binary-expr","locations":[{"start":{"line":152,"column":22},"end":{"line":152,"column":36}},{"start":{"line":152,"column":40},"end":{"line":152,"column":54}},{"start":{"line":152,"column":58},"end":{"line":152,"column":75}},{"start":{"line":152,"column":79},"end":{"line":152,"column":93}},{"start":{"line":152,"column":97},"end":{"line":152,"column":111}}],"line":152},"16":{"loc":{"start":{"line":167,"column":16},"end":{"line":170,"column":17}},"type":"if","locations":[{"start":{"line":167,"column":16},"end":{"line":170,"column":17}},{"start":{"line":167,"column":16},"end":{"line":170,"column":17}}],"line":167},"17":{"loc":{"start":{"line":222,"column":12},"end":{"line":295,"column":13}},"type":"switch","locations":[{"start":{"line":223,"column":14},"end":{"line":233,"column":54}},{"start":{"line":235,"column":14},"end":{"line":265,"column":20}},{"start":{"line":267,"column":14},"end":{"line":268,"column":123}},{"start":{"line":270,"column":14},"end":{"line":272,"column":22}},{"start":{"line":274,"column":14},"end":{"line":275,"column":100}},{"start":{"line":277,"column":14},"end":{"line":279,"column":22}},{"start":{"line":281,"column":14},"end":{"line":283,"column":53}},{"start":{"line":285,"column":14},"end":{"line":287,"column":22}},{"start":{"line":289,"column":14},"end":{"line":290,"column":126}},{"start":{"line":292,"column":14},"end":{"line":292,"column":22}},{"start":{"line":293,"column":14},"end":{"line":294,"column":40}}],"line":222},"18":{"loc":{"start":{"line":224,"column":16},"end":{"line":227,"column":17}},"type":"if","locations":[{"start":{"line":224,"column":16},"end":{"line":227,"column":17}},{"start":{"line":224,"column":16},"end":{"line":227,"column":17}}],"line":224},"19":{"loc":{"start":{"line":224,"column":22},"end":{"line":224,"column":57}},"type":"binary-expr","locations":[{"start":{"line":224,"column":22},"end":{"line":224,"column":36}},{"start":{"line":224,"column":40},"end":{"line":224,"column":57}}],"line":224},"20":{"loc":{"start":{"line":239,"column":16},"end":{"line":242,"column":17}},"type":"if","locations":[{"start":{"line":239,"column":16},"end":{"line":242,"column":17}},{"start":{"line":239,"column":16},"end":{"line":242,"column":17}}],"line":239},"21":{"loc":{"start":{"line":244,"column":16},"end":{"line":247,"column":17}},"type":"if","locations":[{"start":{"line":244,"column":16},"end":{"line":247,"column":17}},{"start":{"line":244,"column":16},"end":{"line":247,"column":17}}],"line":244}},"s":{"0":1,"1":1,"2":1,"3":4,"4":4,"5":4,"6":4,"7":4,"8":4,"9":1,"10":1,"11":0,"12":1,"13":1,"14":1,"15":1,"16":1,"17":1,"18":1,"19":1,"20":1,"21":1,"22":1,"23":4,"24":4,"25":0,"26":0,"27":0,"28":0,"29":0,"30":0,"31":0,"32":0,"33":0,"34":0,"35":0,"36":0,"37":0,"38":0,"39":0,"40":1,"41":1,"42":0,"43":1,"44":1,"45":0,"46":0,"47":0,"48":0,"49":0,"50":0,"51":0,"52":0,"53":0,"54":0,"55":0,"56":0,"57":0,"58":0,"59":1,"60":1,"61":0,"62":0,"63":0,"64":0,"65":0,"66":0,"67":0,"68":0,"69":0,"70":0,"71":0,"72":0,"73":0,"74":0,"75":0,"76":0,"77":0,"78":0,"79":0,"80":1,"81":1,"82":0,"83":0,"84":0,"85":0,"86":0,"87":0,"88":0,"89":0,"90":0,"91":0,"92":0,"93":0,"94":0,"95":0,"96":0,"97":0,"98":0,"99":0,"100":0,"101":0,"102":0,"103":0,"104":0,"105":0,"106":0,"107":0,"108":0,"109":0,"110":0,"111":0,"112":1,"113":1,"114":0,"115":0,"116":0,"117":0,"118":0,"119":0,"120":0,"121":0,"122":0,"123":0,"124":0,"125":0,"126":0,"127":0,"128":0,"129":0,"130":0,"131":0,"132":0,"133":0,"134":0,"135":0,"136":0,"137":0,"138":0,"139":0,"140":0,"141":0,"142":0,"143":0,"144":0,"145":0,"146":0,"147":0,"148":0,"149":1,"150":1,"151":1},"f":{"0":1,"1":1,"2":1,"3":4,"4":4,"5":0,"6":0,"7":0,"8":0,"9":0,"10":0,"11":1,"12":0,"13":1,"14":0,"15":0,"16":0,"17":1,"18":0,"19":0,"20":0,"21":1,"22":0,"23":0,"24":0,"25":1,"26":0,"27":0,"28":0},"b":{"0":[4,4],"1":[4,0],"2":[0,1],"3":[1,0],"4":[2,2],"5":[4,4],"6":[0,0],"7":[0,0],"8":[0,0,0,0,0],"9":[0,0],"10":[0,0,0,0,0,0],"11":[0,0],"12":[0,0],"13":[0,0,0,0,0,0,0,0],"14":[0,0],"15":[0,0,0,0,0],"16":[0,0],"17":[0,0,0,0,0,0,0,0,0,0,0],"18":[0,0],"19":[0,0],"20":[0,0],"21":[0,0]},"_coverageSchema":"43e27e138ebf9cfc5966b082cf9a028302ed4184","hash":"fe31a75261faa4c81af4833f3e8f3650e63f3111","contentHash":"f25ff48d1942aa2083e8818753fb313f"},"C:\\Users\\Gisele Iradu\\Desktop\\sendIT\\server\\helper\\helper.js":{"path":"C:\\Users\\Gisele Iradu\\Desktop\\sendIT\\server\\helper\\helper.js","statementMap":{"0":{"start":{"line":3,"column":0},"end":{"line":5,"column":3}},"1":{"start":{"line":7,"column":14},"end":{"line":7,"column":31}},"2":{"start":{"line":9,"column":15},"end":{"line":9,"column":46}},"3":{"start":{"line":11,"column":20},"end":{"line":11,"column":43}},"4":{"start":{"line":13,"column":21},"end":{"line":13,"column":58}},"5":{"start":{"line":15,"column":39},"end":{"line":15,"column":93}},"6":{"start":{"line":18,"column":13},"end":{"line":44,"column":1}},"7":{"start":{"line":20,"column":4},"end":{"line":24,"column":5}},"8":{"start":{"line":21,"column":6},"end":{"line":21,"column":21}},"9":{"start":{"line":23,"column":6},"end":{"line":23,"column":20}},"10":{"start":{"line":27,"column":4},"end":{"line":27,"column":79}},"11":{"start":{"line":30,"column":4},"end":{"line":30,"column":62}},"12":{"start":{"line":39,"column":16},"end":{"line":41,"column":47}},"13":{"start":{"line":42,"column":4},"end":{"line":42,"column":17}},"14":{"start":{"line":46,"column":0},"end":{"line":46,"column":25}}},"fnMap":{"0":{"name":"_interopRequireDefault","decl":{"start":{"line":15,"column":9},"end":{"line":15,"column":31}},"loc":{"start":{"line":15,"column":37},"end":{"line":15,"column":95}},"line":15},"1":{"name":"userRole","decl":{"start":{"line":19,"column":21},"end":{"line":19,"column":29}},"loc":{"start":{"line":19,"column":36},"end":{"line":25,"column":3}},"line":19},"2":{"name":"hashPassword","decl":{"start":{"line":26,"column":25},"end":{"line":26,"column":37}},"loc":{"start":{"line":26,"column":48},"end":{"line":28,"column":3}},"line":26},"3":{"name":"verifyPassword","decl":{"start":{"line":29,"column":27},"end":{"line":29,"column":41}},"loc":{"start":{"line":29,"column":64},"end":{"line":31,"column":3}},"line":29},"4":{"name":"generateToken","decl":{"start":{"line":38,"column":26},"end":{"line":38,"column":39}},"loc":{"start":{"line":38,"column":44},"end":{"line":43,"column":3}},"line":38}},"branchMap":{"0":{"loc":{"start":{"line":15,"column":46},"end":{"line":15,"column":92}},"type":"cond-expr","locations":[{"start":{"line":15,"column":70},"end":{"line":15,"column":73}},{"start":{"line":15,"column":76},"end":{"line":15,"column":92}}],"line":15},"1":{"loc":{"start":{"line":15,"column":46},"end":{"line":15,"column":67}},"type":"binary-expr","locations":[{"start":{"line":15,"column":46},"end":{"line":15,"column":49}},{"start":{"line":15,"column":53},"end":{"line":15,"column":67}}],"line":15},"2":{"loc":{"start":{"line":20,"column":4},"end":{"line":24,"column":5}},"type":"if","locations":[{"start":{"line":20,"column":4},"end":{"line":24,"column":5}},{"start":{"line":20,"column":4},"end":{"line":24,"column":5}}],"line":20}},"s":{"0":1,"1":1,"2":1,"3":1,"4":1,"5":2,"6":1,"7":0,"8":0,"9":0,"10":0,"11":0,"12":0,"13":0,"14":1},"f":{"0":2,"1":0,"2":0,"3":0,"4":0},"b":{"0":[0,2],"1":[2,2],"2":[0,0]},"_coverageSchema":"43e27e138ebf9cfc5966b082cf9a028302ed4184","hash":"2e5e8c71576c245cd61e29260dd231f0d5897662","contentHash":"b3a7f678d604476d2a94459f0b6a996c"},"C:\\Users\\Gisele Iradu\\Desktop\\sendIT\\server\\routes\\users.js":{"path":"C:\\Users\\Gisele Iradu\\Desktop\\sendIT\\server\\routes\\users.js","statementMap":{"0":{"start":{"line":3,"column":0},"end":{"line":5,"column":3}},"1":{"start":{"line":7,"column":15},"end":{"line":7,"column":33}},"2":{"start":{"line":9,"column":16},"end":{"line":9,"column":48}},"3":{"start":{"line":11,"column":13},"end":{"line":11,"column":44}},"4":{"start":{"line":13,"column":14},"end":{"line":13,"column":44}},"5":{"start":{"line":15,"column":22},"end":{"line":15,"column":57}},"6":{"start":{"line":17,"column":23},"end":{"line":17,"column":62}},"7":{"start":{"line":19,"column":39},"end":{"line":19,"column":93}},"8":{"start":{"line":21,"column":13},"end":{"line":21,"column":39}},"9":{"start":{"line":23,"column":0},"end":{"line":23,"column":98}},"10":{"start":{"line":25,"column":0},"end":{"line":25,"column":40}},"11":{"start":{"line":26,"column":0},"end":{"line":26,"column":25}}},"fnMap":{"0":{"name":"_interopRequireDefault","decl":{"start":{"line":19,"column":9},"end":{"line":19,"column":31}},"loc":{"start":{"line":19,"column":37},"end":{"line":19,"column":95}},"line":19}},"branchMap":{"0":{"loc":{"start":{"line":19,"column":46},"end":{"line":19,"column":92}},"type":"cond-expr","locations":[{"start":{"line":19,"column":70},"end":{"line":19,"column":73}},{"start":{"line":19,"column":76},"end":{"line":19,"column":92}}],"line":19},"1":{"loc":{"start":{"line":19,"column":46},"end":{"line":19,"column":67}},"type":"binary-expr","locations":[{"start":{"line":19,"column":46},"end":{"line":19,"column":49}},{"start":{"line":19,"column":53},"end":{"line":19,"column":67}}],"line":19}},"s":{"0":1,"1":1,"2":1,"3":1,"4":1,"5":1,"6":1,"7":3,"8":1,"9":1,"10":1,"11":1},"f":{"0":3},"b":{"0":[2,1],"1":[3,3]},"_coverageSchema":"43e27e138ebf9cfc5966b082cf9a028302ed4184","hash":"4c3a6fec09e18ad1ba5364f10b2c407aa855133e","contentHash":"c0a1ad7c36df865480ac9907def04fda"}}