TN:
SF:C:/Users/Gisele Iradu/Desktop/sendIT/src/app.js
FN:14,(anonymous_1)
FN:18,(anonymous_2)
FNF:2
FNH:0
FNDA:0,(anonymous_1)
FNDA:0,(anonymous_2)
DA:1,1
DA:2,1
DA:3,1
DA:4,1
DA:5,1
DA:7,1
DA:9,1
DA:10,1
DA:12,1
DA:13,1
DA:14,1
DA:15,0
DA:18,1
DA:19,0
DA:20,0
DA:24,0
LF:16
LH:12
BRDA:19,0,0,0
BRDA:19,0,1,0
BRF:2
BRH:0
end_of_record
TN:
SF:C:/Users/Gisele Iradu/Desktop/sendIT/src/controllers/User.js
FN:3,User
FN:34,(anonymous_9)
FNF:2
FNH:1
FNDA:4,User
FNDA:0,(anonymous_9)
DA:3,4
DA:4,4
DA:5,4
DA:9,1
DA:13,2
DA:14,0
DA:15,0
DA:25,0
DA:26,0
DA:28,2
DA:32,1
DA:33,1
DA:34,0
DA:35,0
DA:39,0
DA:49,0
DA:50,0
DA:52,0
DA:55,1
LF:19
LH:9
BRDA:13,0,0,0
BRDA:13,0,1,2
BRDA:13,1,0,2
BRDA:13,1,1,2
BRDA:13,1,2,0
BRDA:13,1,3,0
BRDA:33,2,0,0
BRDA:33,2,1,1
BRDA:33,3,0,1
BRDA:33,3,1,0
BRDA:35,4,0,0
BRDA:35,4,1,0
BRDA:36,5,0,0
BRDA:36,5,1,0
BRDA:49,6,0,0
BRDA:49,6,1,0
BRF:16
BRH:5
end_of_record
TN:
SF:C:/Users/Gisele Iradu/Desktop/sendIT/src/routes/parcels.js
FN:7,(anonymous_1)
FN:13,(anonymous_2)
FN:17,(anonymous_3)
FN:30,(anonymous_4)
FN:33,(anonymous_5)
FN:47,validateOrder
FN:60,(anonymous_7)
FNF:7
FNH:7
FNDA:1,(anonymous_1)
FNDA:2,(anonymous_2)
FNDA:60,(anonymous_3)
FNDA:1,(anonymous_4)
FNDA:30,(anonymous_5)
FNDA:1,validateOrder
FNDA:1,(anonymous_7)
DA:1,1
DA:2,1
DA:3,1
DA:5,1
DA:7,1
DA:8,1
DA:13,1
DA:14,2
DA:15,2
DA:17,2
DA:18,60
DA:19,1
DA:23,2
DA:26,2
DA:30,1
DA:31,1
DA:32,1
DA:33,1
DA:34,30
DA:35,1
DA:36,1
DA:40,1
DA:43,1
DA:48,1
DA:57,1
DA:60,1
DA:61,1
DA:62,1
DA:63,0
DA:64,0
DA:66,1
DA:75,1
DA:76,1
LF:33
LH:31
BRDA:18,0,0,1
BRDA:18,0,1,59
BRDA:34,1,0,1
BRDA:34,1,1,29
BRDA:62,2,0,0
BRDA:62,2,1,1
BRF:6
BRH:5
end_of_record
TN:
SF:C:/Users/Gisele Iradu/Desktop/sendIT/src/routes/users.js
FN:9,(anonymous_2)
FN:18,validateUser
FN:31,(anonymous_4)
FN:62,(anonymous_5)
FN:76,(anonymous_6)
FN:80,(anonymous_7)
FNF:6
FNH:6
FNDA:1,(anonymous_2)
FNDA:2,validateUser
FNDA:2,(anonymous_4)
FNDA:1,(anonymous_5)
FNDA:1,(anonymous_6)
FNDA:31,(anonymous_7)
DA:1,1
DA:2,1
DA:3,1
DA:4,1
DA:5,1
DA:7,1
DA:9,1
DA:10,1
DA:13,1
DA:19,2
DA:28,2
DA:31,2
DA:32,2
DA:33,2
DA:34,0
DA:35,0
DA:38,2
DA:39,2
DA:56,2
DA:57,2
DA:62,1
DA:63,1
DA:64,1
DA:69,1
DA:71,1
DA:76,1
DA:77,1
DA:78,1
DA:80,1
DA:81,31
DA:82,1
DA:86,1
LF:32
LH:30
BRDA:33,0,0,0
BRDA:33,0,1,2
BRDA:81,1,0,1
BRDA:81,1,1,30
BRF:4
BRH:3
end_of_record
