TN:
SF:C:/Users/Gisele Iradu/Desktop/sendIT/src/app.js
FN:16,(anonymous_1)
FN:20,(anonymous_2)
FNF:2
FNH:0
FNDA:0,(anonymous_1)
FNDA:0,(anonymous_2)
DA:1,1
DA:2,1
DA:3,1
DA:4,1
DA:5,1
DA:6,1
DA:8,0
DA:10,0
DA:11,0
DA:12,0
DA:14,0
DA:15,0
DA:16,0
DA:17,0
DA:20,0
DA:21,0
DA:22,0
DA:26,0
LF:18
LH:6
BRDA:21,0,0,0
BRDA:21,0,1,0
BRF:2
BRH:0
end_of_record
TN:
SF:C:/Users/Gisele Iradu/Desktop/sendIT/src/controllers/User.js
FN:6,User
FN:47,(anonymous_19)
FNF:2
FNH:0
FNDA:0,User
FNDA:0,(anonymous_19)
DA:1,1
DA:3,1
DA:6,0
DA:7,0
DA:8,0
DA:12,0
DA:21,0
DA:45,0
DA:46,0
DA:47,0
DA:48,0
DA:52,0
DA:62,0
DA:63,0
DA:65,0
DA:68,0
LF:16
LH:2
BRDA:16,0,0,0
BRDA:16,0,1,0
BRDA:16,0,2,0
BRDA:46,1,0,0
BRDA:46,1,1,0
BRDA:46,2,0,0
BRDA:46,2,1,0
BRDA:48,3,0,0
BRDA:48,3,1,0
BRDA:49,4,0,0
BRDA:49,4,1,0
BRDA:62,5,0,0
BRDA:62,5,1,0
BRF:13
BRH:0
end_of_record
TN:
SF:C:/Users/Gisele Iradu/Desktop/sendIT/src/db/db.js
FN:14,(anonymous_1)
FN:18,query
FN:20,(anonymous_3)
FN:22,(anonymous_4)
FN:25,(anonymous_5)
FNF:5
FNH:0
FNDA:0,(anonymous_1)
FNDA:0,query
FNDA:0,(anonymous_3)
FNDA:0,(anonymous_4)
FNDA:0,(anonymous_5)
DA:1,1
DA:2,1
DA:5,1
DA:6,1
DA:13,1
DA:14,1
DA:15,0
DA:20,0
DA:21,0
DA:23,0
DA:26,0
LF:11
LH:6
BRF:0
BRH:0
end_of_record
TN:
SF:C:/Users/Gisele Iradu/Desktop/sendIT/src/routes/parcels.js
FN:7,(anonymous_1)
FN:13,(anonymous_2)
FN:17,(anonymous_3)
FN:30,(anonymous_4)
FN:33,(anonymous_5)
FN:47,validateOrder
FN:60,(anonymous_7)
FNF:7
FNH:0
FNDA:0,(anonymous_1)
FNDA:0,(anonymous_2)
FNDA:0,(anonymous_3)
FNDA:0,(anonymous_4)
FNDA:0,(anonymous_5)
FNDA:0,validateOrder
FNDA:0,(anonymous_7)
DA:1,1
DA:2,1
DA:3,1
DA:5,1
DA:7,1
DA:8,0
DA:13,1
DA:14,0
DA:15,0
DA:17,0
DA:18,0
DA:19,0
DA:23,0
DA:26,0
DA:30,1
DA:31,0
DA:32,0
DA:33,0
DA:34,0
DA:35,0
DA:36,0
DA:40,0
DA:43,0
DA:48,0
DA:57,0
DA:60,1
DA:63,0
DA:64,0
DA:65,0
DA:66,0
DA:68,0
DA:77,0
DA:78,0
LF:33
LH:8
BRDA:18,0,0,0
BRDA:18,0,1,0
BRDA:34,1,0,0
BRDA:34,1,1,0
BRDA:64,2,0,0
BRDA:64,2,1,0
BRF:6
BRH:0
end_of_record
TN:
SF:C:/Users/Gisele Iradu/Desktop/sendIT/src/routes/users.js
FN:9,(anonymous_8)
FN:18,validateUser
FN:31,(anonymous_10)
FN:31,_callee
FN:31,_callee$
FN:55,(anonymous_14)
FN:69,(anonymous_15)
FN:73,(anonymous_16)
FNF:8
FNH:0
FNDA:0,(anonymous_8)
FNDA:0,validateUser
FNDA:0,(anonymous_10)
FNDA:0,_callee
FNDA:0,_callee$
FNDA:0,(anonymous_14)
FNDA:0,(anonymous_15)
FNDA:0,(anonymous_16)
DA:1,1
DA:2,1
DA:3,1
DA:4,1
DA:5,0
DA:7,0
DA:9,0
DA:10,0
DA:13,0
DA:18,0
DA:19,0
DA:28,0
DA:31,0
DA:34,0
DA:38,0
DA:39,0
DA:48,0
DA:50,0
DA:55,0
DA:56,0
DA:57,0
DA:62,0
DA:64,0
DA:69,0
DA:70,0
DA:71,0
DA:73,0
DA:74,0
DA:75,0
DA:79,0
LF:30
LH:4
BRDA:31,0,0,0
BRDA:31,0,1,0
BRDA:31,0,2,0
BRDA:31,0,3,0
BRDA:31,0,4,0
BRDA:31,1,0,0
BRDA:31,1,1,0
BRDA:74,2,0,0
BRDA:74,2,1,0
BRF:9
BRH:0
end_of_record
